INFO:root:./app_kernels/rodinia_3.1/cuda/myocyte/myocyte.so|fp|1
INFO:BO.base_model:parameter tensor([-6.0902e-246, -3.3234e-126, -4.3942e-260, -2.6969e-244,  -1.6309e-18,
         -2.8587e-73, -6.2368e-164,  -1.3338e-27, -4.2537e-194,  -1.3369e-09,
        -1.0011e-209,  -2.8207e-56,  -4.6298e-94, -1.3894e-233,  -7.1515e-22,
        -1.7852e-216, -2.0865e-265, -5.4175e-293, -6.3360e-186, -1.4797e-112,
         -2.1527e+02, -2.7205e-193, -3.9777e-225, -2.0861e-286,  -1.4068e-58,
         -7.1876e-66,  -3.7727e-25, -2.8311e-229,  -1.4530e-97, -6.3169e-225,
         -5.2377e-76,  -3.4948e-37, -2.7825e-303, -2.9007e-144,  -3.1695e-93,
        -1.0860e-246,  -1.6520e-50, -2.0213e-173, -4.8801e-133, -1.0001e-104,
        -3.0262e-259, -1.6699e-189, -4.4495e-217,   3.2693e+02, -4.1616e-304,
        -3.5600e-275, -2.4884e-195,  -2.3055e-18, -3.5525e-182, -1.9175e-239,
        -1.1689e-271, -6.8333e-302, -9.5219e-248, -4.0236e-300, -9.5278e-180,
        -5.1104e-256, -1.0123e-114,  -3.3149e-59, -1.4204e-206, -9.1589e-147,
        -1.5977e-226,  -1.2116e-89, -6.1853e-247, -6.8224e-262, -2.7185e-202,
        -5.1315e-243, -2.3255e-308, -6.3548e-184, -3.9287e-105, -1.2836e-230,
         -1.8426e-64, -6.8479e-296, -3.2109e-140,  -2.7035e-96,  -6.3624e+02,
        -4.1072e-251, -1.8643e-207,  -2.7407e-67, -5.3762e-280, -3.9111e-242,
          5.9080e+02,  -8.4934e+03,  -1.4187e-21, -1.1123e-266, -1.2468e-305,
        -2.0223e-216, -4.6134e-272, -6.5096e-248,  -1.3076e-29, -5.9781e-130,
        -6.1476e-258], device='cuda:0', dtype=torch.float64) caused floating point error nan
INFO:BO.base_model:parameter tensor([-6.3772e+01, -1.8227e+02, -2.1606e+02, -8.3068e+01, -1.3180e+02,
        -7.0154e+02, -1.0964e+02,  2.8444e+02, -2.8844e+01,  4.6944e+02,
         3.9538e+01, -8.6795e-01,  6.2935e+02,  1.7053e+02,  1.0723e+01,
         3.8275e+02, -4.2905e+02,  3.9098e+02, -3.5871e+02,  2.0543e+02,
        -8.1365e+02,  3.0847e+02,  4.5957e+02,  8.3912e+01, -3.0542e+02,
         4.9281e+01, -1.6795e+01,  2.0008e+02, -3.7832e+01,  3.3200e+02,
        -2.1478e+01, -3.7330e+02, -1.3292e+02,  1.8712e+02, -5.7121e+01,
        -8.1940e+02, -1.6682e+02,  6.3220e+02, -9.3165e+01,  6.0782e+02,
         1.5335e+02,  4.2298e+01,  3.6990e+02, -3.3866e+01, -2.8612e+02,
        -4.9456e+02,  8.6615e+01,  3.8380e+02,  2.7046e+02, -1.9878e+02,
         3.9458e+02, -2.2571e+02, -8.2463e+02, -2.3000e+02,  5.3862e+01,
         4.0618e+01, -2.1266e+02, -5.9727e+02,  5.3854e+01, -2.2794e+02,
         4.4606e+02,  5.7249e+01,  4.3990e+02,  3.0557e+02, -3.5442e+01,
         3.2683e+02, -1.5060e+02,  1.3891e+02, -2.6087e+00, -7.1379e+01,
         7.8426e+01, -2.4966e+02, -3.7760e+02,  2.3300e+02,  6.5456e+02,
        -1.1624e+02, -4.7077e+01, -3.9318e+02, -9.1531e+02, -6.1774e+02,
         6.9818e+02, -6.7973e+01, -9.4108e+01, -5.4253e+01,  8.3211e+00,
        -1.8395e+02, -4.2703e+02, -3.3982e+02,  7.2205e+01,  6.3268e+01,
        -1.7715e+02], device='cuda:0', dtype=torch.float64) caused floating point error nan
INFO:BO.base_model:parameter tensor([  -92.4125,   -76.5937,  -330.5582,  -351.5972,  -533.2100,   126.5647,
         -251.2597,  -232.8376,  -668.3717,   455.2761,  -160.1114,   215.9052,
         -180.0087,   662.9215,   157.6245,   265.4331,  -487.1761,   -27.2676,
          629.6401,   374.2026,   -57.7671,    28.1735,  -294.0194,   576.6466,
          562.8722,   112.5556,   424.9533,  -380.6344,  -852.4582,  -643.9715,
          -17.2189,   797.5964,   274.2917,   269.0811,   -67.8614,  -238.5162,
        -1595.6279,   492.7827,   197.1425,    26.1817,    71.7034,    81.8787,
         -961.2838,  -475.3774,  -132.9394,   366.6221,   -32.8201,   341.9266,
         -110.1640,   536.5373,    45.2003,  -778.1506,   -85.5603,   119.5151,
         -592.4555,  -413.7503,   199.3242,   -45.5805,  -474.5412, -1116.4098,
         -340.7955,    78.5665,   -69.4115,   -21.7874,  -184.9733,     2.2687,
         -295.2354,  -194.6112,   -52.6849,   276.8841,    25.0773,   590.4000,
          231.2462,  -311.9366,  -171.1659,  -103.7223,   334.9317,  -395.4187,
         -175.5728,   -97.4868,   382.7412,   679.6313,   -81.7185,   -22.7290,
         -121.8985,  -458.2640,  -111.2858,     7.4220,    25.4167,   307.2612,
           32.1592], device='cuda:0', dtype=torch.float64) caused floating point error nan
INFO:BO.base_model:parameter tensor([   11.0642,  -633.0620,    33.5256,  -134.9790,   144.4859,  -356.0800,
          -54.0534,   287.7418,  -197.5043,   160.3954,   494.4529,   425.9372,
          119.2964,   124.2300,   333.9570,    29.8582,   336.3194,   369.5409,
         -340.5891,  -203.7349,  -241.3403,  -383.5083,   310.5215,  -448.4146,
         -144.3020,    39.2799,  -128.6065,    50.3187,   -67.6729,  -223.8993,
         -387.8105,   235.7940,   -68.3446,    70.1710,   -98.1149,  -357.7270,
         -774.8854,  -240.4572,   224.7909,    78.7877,  -114.8698,  -313.4734,
         -280.3598,    20.8763,  -343.5892,    31.8114,   324.6048,  -619.7402,
         -615.4340,  -298.7889, -1005.8334,   326.5331,   -41.7011,  -400.1803,
         -186.7112,  -444.5313,  -416.4361,  -533.1565,  -366.0161,  -659.3881,
          149.0363,   547.7197,    97.5711,  -217.1431,  -249.2960,   -74.8607,
         -181.8323,  -281.9370,  -309.6665,   223.4648,   468.8605,   525.3583,
          654.5385,   128.4443,  -235.4059,  -180.4461,  -355.4807,   566.2970,
         -126.6440,    80.0458,  -139.6080,   -63.1368,  -666.1572,  -536.0043,
          -16.1473,   391.0222,  -124.9565,   114.9939,   225.2529,   183.1665,
         -659.2818], device='cuda:0', dtype=torch.float64) caused floating point error nan
INFO:BO.base_model:parameter tensor([ -5.6597e-48, -1.4843e-308, -5.5959e-101,  -3.3797e-30, -2.1444e-277,
        -1.3701e-134,  -8.3826e-38, -4.3510e-290,  -5.0280e-81,  -3.0841e-79,
         -1.4421e-83,  -3.1880e+01, -7.5492e-128,   2.9204e+02, -5.8247e-245,
         -1.8851e-99,  -6.1002e-03,  -5.0282e-79, -6.5171e-140, -4.7496e-150,
        -6.5777e-156, -6.6557e-150,  -4.7863e-15, -1.3072e-278,  -1.7967e-48,
        -1.7543e-114, -6.8671e-132, -6.1947e-132, -4.1860e-256, -2.8479e-205,
        -2.9150e-100, -3.4749e-180,  -1.8675e-25,  -4.8365e+02, -7.0562e-251,
        -6.6948e-224,  -1.1209e-21, -1.8479e-157, -2.0594e-215,  -7.4520e-50,
        -8.9988e-129, -2.7128e-167,  -4.2361e-41,  -1.0041e-76,  -7.3334e-59,
        -5.0554e-178,  -3.2957e-24, -3.9257e-136,  -2.7619e+02,  -1.1185e+00,
        -2.3286e-298, -1.5764e-106, -5.2094e-165, -4.8781e-269, -2.2658e-258,
         -1.4616e-94,  -2.0402e-76, -1.3532e-145,  -1.1082e+04, -9.0184e-256,
        -1.2061e-196, -5.1520e-100, -6.3793e-167,  -1.1360e-54, -5.8892e-114,
         -1.2047e-65,  -2.3567e-21, -4.9522e-103,  -1.7591e-15,  -8.1035e+01,
         -1.5882e-58, -5.7690e-217, -2.6357e-105,  -9.4324e-85, -9.2235e-156,
        -1.4967e-238, -3.2878e-300, -1.0761e-161,  -6.8941e-57, -1.6801e-118,
         -6.6764e-62, -1.5028e-298, -4.8012e-257, -6.1070e-106, -2.8451e-293,
        -6.1592e-190, -1.9236e-169, -1.7548e-163,  -8.1276e-44,  -4.5756e-26,
         -5.8529e-35], device='cuda:0', dtype=torch.float64) caused floating point error nan
INFO:BO.base_model:parameter tensor([ -2.4062e-50, -1.0616e-108, -1.8070e-271, -8.9104e-209, -1.0192e-168,
          3.9866e+02, -7.8915e-244, -4.9285e-206,   7.1536e+01, -1.8480e-260,
        -2.0955e-217,  -2.8689e-96, -5.0590e-257, -3.5985e-198, -2.5016e-108,
         -4.9275e-25, -1.4061e-177,  -2.7723e-37, -7.8741e-245,   8.5403e+02,
        -1.3552e-116, -1.0032e-108, -4.7450e-287, -5.0373e-303, -4.6164e-245,
         -7.0309e-25, -4.4671e-197,  -6.5812e-04, -1.1374e-184,  -6.0086e-77,
        -6.7195e-267,  -4.9636e-87,  -1.1087e-87,  -1.3282e-28, -7.0433e-252,
        -5.6869e-267, -9.9613e-166, -5.4619e-266,  -4.0242e-15, -1.6738e-238,
        -1.1278e-267,  -4.2823e+02,  -9.3137e-88,  -4.4545e-57,  -3.3666e-37,
         -3.5504e+02, -6.7303e-167, -3.6128e-254,  -2.6323e-74, -3.5019e-253,
        -7.6819e-176, -4.3074e-124, -2.3794e-207, -1.5459e-111, -1.5182e-130,
         -3.4190e-05, -7.3680e-144, -1.5731e-136, -4.0840e-163,  -2.2872e-02,
         -2.8112e-43, -1.8446e-287, -7.1648e-308,  -5.0132e-50,  -1.6031e+02,
        -4.7081e-250, -1.6219e-203, -1.6373e-172, -3.4141e-178, -1.4349e-224,
        -1.3506e-244, -3.4505e-175,   3.0922e+02, -3.8812e-232, -1.2087e-102,
         -2.9646e-60, -2.9056e-132, -5.7764e-138, -4.2474e-150,  -4.8905e-26,
         -4.5532e+02,  -7.9755e+01, -3.1941e-265, -1.5704e-272, -9.7389e-252,
        -5.1480e-267, -9.8511e-308, -3.0531e-245, -5.9534e-297, -1.8513e-196,
        -1.6292e-212], device='cuda:0', dtype=torch.float64) caused floating point error nan
INFO:BO.base_model:parameter tensor([  157.3504,  -123.2925,   337.9719,   520.5179,  -217.1748,   144.5801,
          371.0850,  -489.0906,  -243.7599,   200.4903,  -309.4485,  -324.4924,
          -70.5249,  -114.1189,   -36.9021,   385.8189,   209.6500,   439.0829,
         -375.3408,  -205.4331,   -48.6496,   325.3297,   563.1885,  -107.1157,
         -642.2412,  -220.2986,   -95.6866,   807.4201,    11.9385,   176.0646,
         -584.9935,  -186.6866,  -426.2016,   -28.7937,  -147.4625,  -363.7042,
          -28.3546,    49.4013,  -158.2577,   703.1375,   -90.6154,   103.5085,
         -565.0305,  1031.5494,   143.8384,  -293.2763,  -125.3420,  -380.3592,
         -128.5928, -1341.2167,  -457.9959,  -292.1680,     5.0189,   793.3307,
         -123.0957,    48.6637,   -83.7682,  -147.1182,  -366.3386,   -67.2098,
          -24.9814,  -113.5758,   134.6130,  -155.6777,  -101.0920,   131.3526,
           81.3216,   121.4762,  -304.8936,  -151.0743,  -138.5516,   171.8946,
         -379.7550,   -15.8378,  -332.3446,   180.1125,  -726.0255,    79.7220,
         -112.4368,  -506.1756,     4.3311,   224.1273,   428.0829,   -81.0552,
         -140.2241,   121.1448,   -52.0822,   272.9658,  -165.0642,    97.8912,
           84.0175], device='cuda:0', dtype=torch.float64) caused floating point error nan
INFO:BO.base_model:parameter tensor([ -2.1381e-93,  -7.7354e-57,  -4.6657e-08, -8.6261e-200, -9.0887e-197,
         -1.0809e-83, -1.7020e-220, -3.8059e-258, -1.1513e-226,  -2.2328e+02,
        -5.4237e-257, -8.7716e-131, -1.5144e-135, -1.6230e-123,  -3.7061e-90,
         -6.0430e-97, -6.7850e-240,  -1.4816e-72, -1.1413e-263, -9.5665e-104,
        -1.2955e-195,  -8.8537e+02, -2.6602e-258,  -4.6446e-51, -9.3228e-120,
        -5.5441e-283, -1.2465e-297, -1.8178e-164, -4.0999e-181, -1.6253e-188,
         -1.1490e-46, -3.4940e-234,  -2.1736e-41, -6.5347e-221, -1.8542e-213,
        -1.6425e-244, -9.3005e-254, -2.6481e-112, -2.6435e-141,  -1.0584e-78,
         -8.8337e-55,  -1.5552e-24, -7.2262e-165, -9.1440e-192,  -3.6209e-96,
        -4.1426e-174,  -3.9685e-79, -2.5741e-153, -1.3358e-184, -1.1671e-223,
        -2.3771e-294,  -1.6218e+02, -1.5405e-153, -1.5442e-217, -1.6240e-234,
        -4.2993e-218,  -1.0056e-28,  -6.7280e-85,  -2.1083e+02,  -1.1818e-92,
         -1.0004e-48, -5.7905e-185,  -2.5263e-69, -3.6133e-178, -5.3902e-241,
         -5.2455e+02,  -1.0037e-98,  -9.4768e-86,  -9.8364e-22, -2.6266e-108,
        -6.0151e-141, -2.8252e-235, -5.1645e-192,   5.3339e+02, -1.6785e-143,
        -1.9722e-265, -3.3627e-108,  -3.8728e-87,   4.7321e+02,   1.5852e+02,
         -6.1210e-27, -2.9991e-178, -2.2040e-153, -7.2424e-193, -3.2426e-105,
        -7.1350e-127,  -7.9718e-93, -1.5027e-202, -1.8454e-245, -1.4549e-262,
         -2.5516e-73], device='cuda:0', dtype=torch.float64) caused floating point error inf
INFO:BO.base_model:parameter tensor([ 2.2142e+01, -1.4459e+02,  4.5131e+01, -1.4748e+00,  1.7751e+02,
        -1.0898e+02, -1.9782e+02, -6.7677e+01, -2.3665e+03, -9.0839e+01,
        -7.6451e+02,  4.5425e+01, -8.0855e+01,  2.3078e+02, -3.2692e+02,
         3.9867e+02,  1.8953e+02, -2.8456e+02,  3.8799e+02, -7.8906e+02,
         7.5808e+01, -1.8651e+02,  2.2243e+02,  4.0218e+02,  8.5988e+02,
        -5.1329e+01, -6.2597e+02,  1.0109e+02,  2.8996e+02,  4.6885e+01,
        -6.1016e+02, -2.5444e+02, -3.8130e+02,  5.5687e+02, -2.3431e+02,
        -2.6846e+02,  1.7926e+02,  4.0676e+02,  2.4876e+02, -4.7509e+02,
         1.2649e+02,  2.1327e+02, -2.1911e+02,  3.9356e+02, -7.3937e+02,
         3.2092e+02, -5.6656e+02,  3.1032e+02,  1.7638e+02, -3.3287e+02,
         1.4798e+02, -1.2449e+02,  5.3402e+02,  2.8132e+02, -8.0133e+02,
        -2.0583e+02, -5.2841e+02, -1.6701e+02, -3.8617e+02,  2.1123e+02,
         1.5586e+02, -1.4778e+01, -3.4794e+02,  1.4237e+02,  1.2955e+02,
        -6.7421e+01,  2.7459e+01, -4.0130e+02,  3.1063e+02, -8.6934e+01,
        -1.5109e+01, -3.7712e+02, -1.0603e+02,  1.5573e+01,  5.0249e+02,
        -5.8124e+02,  2.0355e+02,  3.8024e+02,  2.7487e+02, -9.5849e+01,
         7.6447e+02,  4.9792e+01,  1.5688e+02,  5.8534e+02, -2.7840e+02,
        -1.7114e+02,  4.4662e+01,  3.5085e+02, -7.3638e-01, -5.4691e+02,
        -5.4628e+02], device='cuda:0', dtype=torch.float64) caused floating point error nan
INFO:BO.base_model:parameter tensor([ 247.7670,  296.6591,   74.8528, -206.5226, -264.0258, -208.7078,
         205.4521,  -31.5772, -116.4266, -156.7291,  188.7253,  458.3215,
         -61.3154,  599.9413,  181.8742,  102.5757,  218.3995, -282.0091,
         -13.3528, -151.5517,  532.6353,  -83.3586,  217.1007, -374.7635,
         257.8461, -284.8301,  537.9163,  -73.7988,  161.3597, -317.9585,
         672.2122,  108.9025,  389.6335, -105.2067, -251.3288, -232.9541,
        -168.6894, -348.7060,  369.3373,  395.5845,  106.6994,   43.4356,
           8.1317, -416.5851,  175.7096,  295.9348,  -50.2733,  830.0313,
         -77.1982, -462.1421,  734.2604,  373.6983, -446.9582, -559.7011,
        -338.1986,  208.8263, -327.7840,  310.5391, -142.6798,  264.3014,
         113.0577,  311.9829, -486.7280,   93.1893,  477.1462,  341.6015,
         226.9481,  774.1040,  519.8151, -156.2498,   30.2243, -487.2708,
         503.4861,  370.8934,  224.3984,   28.1040, -548.7613,  164.8823,
        -177.7701,  181.4089,  -63.1865,  293.6763, -252.2323,  -54.7622,
         723.1804, -176.7003, -262.6770, -108.7732,    4.2966, -272.0351,
         -84.8052], device='cuda:0', dtype=torch.float64) caused floating point error nan
INFO:BO.base_model:parameter tensor([ -1.1410e+02, -4.2533e-209, -7.9140e-132, -8.1918e-227, -1.9979e-134,
         -1.9122e-31, -1.4219e-229, -2.4019e-174,  -2.1812e+03, -3.1956e-118,
         -5.2602e-67,   6.2945e+01, -1.5552e-231,  -1.2153e+02,  -4.2937e-79,
        -1.1519e-296,  -5.3633e+02, -6.3832e-100, -9.4139e-231, -3.6449e-212,
         -4.6947e-56, -7.5391e-286, -6.0325e-180, -1.9660e-103, -4.9314e-159,
        -2.4277e-132, -2.3960e-122, -7.6976e-227, -1.2274e-235,  -3.7749e-18,
        -1.0529e-205,  -2.4197e-89, -2.8617e-232, -1.2505e-148, -3.4390e-263,
        -8.7710e-129,   1.8745e+02, -2.5999e-279, -1.1553e-214,  -4.6258e-89,
        -3.2706e-164, -1.7136e-298, -5.1806e-233,  -1.5261e-15, -1.6801e-195,
        -5.2497e-106,  -6.3498e-61, -5.4299e-184,  -5.9975e-04,  -2.4501e+02,
          3.9991e+02, -2.4921e-147, -2.2303e-211, -1.0997e-108,  -8.3937e-02,
        -4.6327e-157, -1.1873e-102, -1.1832e-174, -2.4198e-159, -2.1233e-214,
        -2.7316e-136,  -1.8438e-81,  -4.2498e-28,  -6.1109e-78, -3.0160e-308,
        -7.3901e-155, -1.2316e-197, -1.8491e-267, -1.4805e-237,   1.0921e+02,
         -1.5832e-22,  -5.5953e-96, -6.9932e-207,  -1.8734e-11,  -2.5674e-89,
        -2.1705e-101,  -4.4102e-94,  -3.6502e-03, -7.8603e-308, -3.8431e-133,
         -1.0150e-38, -3.6338e-165, -7.5117e-235, -1.8214e-250,  -1.9446e-73,
        -1.6123e-225, -4.0636e-192, -8.4877e-136, -2.4763e-109, -7.8387e-297,
         -5.8214e-03], device='cuda:0', dtype=torch.float64) caused floating point error nan
INFO:BO.base_model:parameter tensor([-9.0879e-107,  -2.7746e-63, -9.9392e-294,  -2.6085e-42, -3.5161e-222,
        -2.4727e-104,  -3.7925e+02, -2.2012e-292,  -1.0788e-25,  -5.6635e+01,
        -6.1812e-308,  -7.2850e-95, -3.3303e-122, -6.3479e-257,  -2.0922e-78,
         -8.0733e-20, -1.9424e-209,  -2.7192e+02, -1.2302e-161, -9.0310e-177,
        -2.0055e-192,  -1.9049e-71, -2.6755e-254, -1.1781e-116,  -4.6257e-62,
        -1.1584e-139, -1.3469e-276, -3.7379e-213,   4.0970e+02,  -1.5843e-61,
        -8.4701e-202, -5.0224e-277,  -2.4748e+01, -8.9316e-240, -5.1891e-188,
        -5.9467e-140, -4.3319e-113, -5.5480e-185, -2.5862e-200,  -9.6488e-39,
         -4.2168e+02,  -6.5636e-91, -4.3250e-305, -1.0135e-258, -4.1627e-285,
          1.2268e+02,  -4.5718e-77, -6.9877e-299,  -4.6892e-17, -1.4681e-206,
        -7.9798e-295, -3.4420e-208, -2.1670e-102, -5.3593e-308,  -1.5740e-46,
         -2.1343e-71,  -4.3167e-42, -7.1010e-168, -1.5169e-167, -4.8107e-247,
          1.0650e+02, -2.7901e-138, -8.4176e-109,  -1.3679e-37, -2.1477e-271,
         -8.2533e-01, -8.1337e-156, -9.7977e-248,  -1.3613e-17,  -5.8057e+02,
         -1.6698e-61,  -8.3926e-25,  -2.8182e-16,  -3.3149e-36,  -2.0950e-08,
        -8.0415e-167, -3.5672e-109,  -4.5960e+02,  -1.4200e-93,  -2.2633e-01,
        -1.0759e-193, -1.7555e-270, -2.5799e-284, -2.1685e-196,  -3.6160e-77,
        -5.3126e-189, -4.5700e-291, -4.9950e-166, -1.0090e-115, -7.6298e-298,
        -1.2689e-281], device='cuda:0', dtype=torch.float64) caused floating point error nan
INFO:BO.base_model:parameter tensor([  4.1499e+02, -7.7105e-101, -9.8174e-124,  -2.9524e-23,  -3.2044e+02,
         -6.0106e+01,  -4.5011e+02,  -4.5046e-12,  -5.3340e-75,  -1.1413e-05,
        -2.0483e-169, -3.3266e-237,  -3.1805e-21,  -1.0899e-76,  -1.9305e-46,
         -3.1517e+02, -1.3759e-111, -8.9145e-237,  -3.8946e-75,  -4.0636e-75,
        -3.6215e-302,  -5.3055e-86,  -6.7585e-83, -1.7114e-227,  -4.3182e-81,
         -3.2936e-83, -9.4638e-297,  -4.8838e-01,  -7.6747e-47, -3.4100e-170,
        -1.7844e-304, -6.1601e-148,  -2.6903e-72, -1.6319e-246,  -1.2535e-31,
        -7.6366e-173,  -5.3982e+02, -1.8265e-112,  -3.6373e+01,  -1.4803e+01,
        -2.9250e-249, -7.0828e-174,  -1.2526e-79, -1.0368e-110,  -2.4829e-15,
         -7.4122e-48, -8.7383e-138, -8.6544e-307,  -7.3446e-25, -1.1821e-147,
         -4.5434e+02,  -7.1149e-11, -6.0431e-255,  -1.1996e-50,  -1.7636e-82,
        -3.2120e-304,  -1.1503e-43, -1.3896e-302,  -4.3848e-05,   2.5190e+01,
         -3.4786e-45,  -1.2687e-79, -1.1559e-105, -3.0784e-103,  -8.1923e-33,
         -7.6031e-86, -1.9312e-267, -1.0211e-277, -2.5356e-303,  -1.9364e-95,
        -2.4589e-115,  -4.9094e-04, -3.1856e-184, -1.5106e-146, -4.1144e-290,
         -4.6081e-27, -1.1359e-156, -1.1931e-156,  -3.0281e-27, -1.9324e-178,
        -2.9393e-239,   1.0031e+02, -6.5402e-171, -1.8111e-160, -8.2503e-170,
         -2.6817e-22, -3.1916e-302,  -1.6569e-11, -1.2671e-305, -2.8994e-102,
        -2.0432e-233], device='cuda:0', dtype=torch.float64) caused floating point error nan
INFO:BO.base_model:parameter tensor([-2.3090e-10, -2.0101e-11, -1.3666e-10, -1.2053e-10, -5.1729e-11,
         3.8946e-11, -3.4930e-11, -7.7756e-11,  2.5886e-10, -8.8002e-10,
         3.8362e-11, -2.5241e-11,  9.7574e-11, -1.7704e-11, -1.0417e-11,
         2.4096e-11, -2.5247e-09, -1.5576e-10, -3.3537e-11,  1.0759e-10,
        -1.3570e-10,  2.3805e-10,  3.0996e-11, -7.4050e-11,  2.0331e-11,
        -1.1831e-10,  1.9425e-10, -4.8258e-12, -4.8446e-10, -1.1613e-10,
         6.0001e-11,  2.9135e-10, -9.9681e-11,  3.4414e-11, -3.1702e-12,
        -2.0873e-10,  3.9869e-11, -8.8405e-06, -3.9885e-10,  3.6130e-11,
         2.1425e-10, -1.0214e-10,  1.5651e-09, -7.2856e-11,  8.4691e-11,
        -6.7370e-12,  1.2727e-10,  1.9383e-10,  1.5853e-11, -3.5763e-10,
         3.7851e-11,  2.5651e-11, -4.4969e-11, -5.3372e-09, -2.7026e-10,
         1.2753e-10,  1.5039e-10, -5.6724e-10, -9.0506e-11, -4.9655e-11,
        -8.4338e-13,  2.7977e-10, -1.1369e-10,  8.9295e-12,  4.7839e-09,
         1.7011e-09,  7.8335e-11, -4.3607e+02, -6.2061e+02,  2.4212e-10,
         1.6728e-10,  9.4198e-11,  1.1082e-10, -2.8349e-10,  4.3370e-12,
        -1.1069e-11, -3.5678e-10, -9.7995e-11,  4.5904e+02,  2.3525e-11,
        -5.0719e-11, -1.2606e-10, -1.0009e-12, -1.3607e-12, -1.3723e-10,
         1.8937e-11,  7.9900e+01,  2.7550e-11, -7.1145e-12, -2.5215e-09,
         1.0640e-10], device='cuda:0', dtype=torch.float64) caused floating point error inf
INFO:BO.base_model:parameter tensor([-2.3090e-10, -2.0101e-11, -1.3666e-10, -1.2053e-10, -5.1729e-11,
         3.8946e-11, -3.4930e-11,  3.2325e+02, -4.1053e+02, -3.1332e-11,
         3.8362e-11, -2.5241e-11,  9.7574e-11, -1.7704e-11, -1.0417e-11,
         2.4096e-11, -2.5247e-09, -1.5576e-10, -3.3537e-11,  1.0759e-10,
        -1.3570e-10,  2.3805e-10,  3.0996e-11, -7.4050e-11,  2.0331e-11,
        -1.1831e-10,  1.9425e-10, -4.8258e-12, -4.8446e-10, -1.1613e-10,
         6.0001e-11,  2.9135e-10,  2.0057e+02,  3.4414e-11, -3.1702e-12,
        -2.0755e-10,  3.9869e-11, -6.1482e-11, -3.9885e-10,  3.6130e-11,
         2.1425e-10, -1.0214e-10,  1.5651e-09, -7.2856e-11,  8.4691e-11,
        -6.7370e-12,  1.2727e-10,  1.9383e-10,  1.5853e-11, -3.5763e-10,
         3.7851e-11,  2.5651e-11, -4.4969e-11, -9.1254e-11, -2.7026e-10,
         2.7072e+02,  1.5039e-10, -5.6724e-10, -9.0506e-11, -4.9655e-11,
        -6.3778e-12,  2.7977e-10, -1.1369e-10,  5.7451e+02,  4.7839e-09,
        -9.1672e+03,  7.8335e-11, -2.2420e-02,  9.0840e-12,  2.4212e-10,
        -4.5891e-02,  9.4198e-11,  1.1082e-10, -3.8091e-09,  4.3370e-12,
        -1.1069e-11, -3.5678e-10, -9.7995e-11,  1.2173e-10,  2.3525e-11,
        -5.0719e-11, -1.2606e-10, -1.0009e-12, -1.3607e-12, -1.3723e-10,
        -3.8175e+02,  1.4126e-11,  2.7550e-11, -7.1145e-12, -2.5215e-09,
         1.0640e-10], device='cuda:0', dtype=torch.float64) caused floating point error nan
INFO:BO.base_model:parameter tensor([ 188.7472,  191.8556,  195.3792, -496.8266,  108.6401,  186.8674,
         295.5451,  194.1544, -833.7474, -332.7631, -501.9570,  129.3519,
        -278.7484,  374.6544,  -15.5677,  212.4230,  125.3543,  342.7030,
        -591.3203,   25.8807, -111.5030,   30.0518,   23.7616,  270.4038,
         234.0517,  151.3018, -448.4987,  -15.4152,  157.9583, -567.8724,
         163.1059,  -16.7815, -281.2318,   87.8474, -357.4666,   70.2672,
         -53.6535,   79.1394,  454.1332, -159.4713,  200.3640, -426.5239,
        -428.4967,  -10.6304,  284.8694,  256.3713, -266.6358,  451.1076,
         -99.9667, -490.3244,   80.3134,  -11.4882,  562.0949, -559.0014,
        -262.6680, -293.2198,  394.1015, -350.4511,  225.1538,  245.1126,
         -43.3173, -152.4117, -300.3701,  508.4649,  -37.4545, -351.5193,
         259.0725, -275.9078, -227.6544,  472.4539,  177.8106,  220.1023,
        -267.5774,  -97.7703,  490.4981, -267.1579,  357.7561,  613.8737,
         210.1937,  611.6208, -136.3879,   53.2199,  533.5663, -309.1380,
         202.8944, -141.0825, -217.1998, -184.0702, -203.2105, -683.9913,
        -283.8518], device='cuda:0', dtype=torch.float64) caused floating point error nan
INFO:BO.base_model:parameter tensor([ 537.9859,  130.4228, -256.0814, -313.3832, -458.1248, -118.9273,
        -394.5521, -500.7531,  746.6545,  793.9765, -192.9607,   20.7956,
          48.5201,  283.3284, -985.7631, -123.2626, -747.4182,  344.0778,
        -480.9332, -101.1827,  218.9795,  -17.5641, -589.3822, -455.1218,
        -404.0979,  271.7964,  520.6032,  406.0730,   74.3796,   33.4892,
          77.2329, -388.3483, -216.9251, -340.3699,  415.5190, -131.3574,
        -377.2495,  166.2849, -396.8195,  137.0972,  -58.4632,  -37.4728,
        -114.6954, -149.3192,  246.0207, -539.6911, -134.7317,  275.4083,
         549.5396,  282.4306, -449.8958, -279.9824, -613.5611, -231.0928,
        -133.8706, -114.0283,  436.9451, -957.1844,   -9.0973,   97.5854,
        -139.8202,   54.7547,  -40.4054, -206.8613,  263.5176,  205.7702,
        -708.5165,  304.8719,  193.4375,  -80.4211,  571.8208, -221.8308,
         479.7742, -157.8443,  281.3351,  -17.4174,  -43.7323,   62.0134,
          51.7067,  185.6525,   62.8423,  -43.4728,  268.7896,  -38.2815,
         144.7649, -112.0595,  -23.0449,  343.9914,   91.1462, -609.6357,
         531.1235], device='cuda:0', dtype=torch.float64) caused floating point error nan
INFO:BO.base_model:parameter tensor([ 3.4176e+01,  3.6768e+02,  4.4895e-05, -2.2054e-05, -5.5721e-05,
         7.5132e-05,  1.6118e-05,  6.9618e-05, -7.1182e-05,  7.6866e-06,
         7.6305e-06,  4.3865e-05, -7.9984e-06,  8.0378e-05, -1.7041e-05,
         2.6549e-05, -1.6831e-05, -6.9690e-05,  3.1756e-05, -2.3736e-05,
         8.3547e-07, -7.9935e-06,  4.0748e-05, -6.7799e-05,  3.4084e-05,
        -2.3251e-05, -4.6192e-05, -3.2734e-05, -4.3814e-05, -1.7927e-06,
         1.1720e-05, -7.8738e-05, -3.3564e+02, -5.4384e-05,  2.3660e-05,
        -5.3575e+02,  7.6541e-05,  4.3432e-05,  4.4384e+01, -2.4497e-05,
         6.0093e-05, -4.6379e-05, -1.5815e-05,  2.8415e-05, -2.8630e-05,
        -5.2411e-05, -9.4586e-05, -5.4758e-05,  2.5212e+02,  3.6764e-05,
         4.4959e-05,  3.1375e-05,  3.3202e-05, -2.7876e-05, -2.1569e-05,
        -1.1475e-05, -5.3055e-05, -5.5395e-05, -1.7652e-05, -7.2094e-05,
        -7.6983e+00, -9.2790e-06, -4.1840e-05, -3.7759e-05,  6.1927e-05,
         1.3707e-05,  3.1286e-05, -8.7355e-05,  7.2566e-05,  1.2651e-05,
         1.4218e-05, -4.0108e-05, -3.7743e-05,  3.9131e-05,  7.0373e-05,
        -3.1006e-05,  7.9949e-07, -5.9876e-05, -9.0009e-05, -4.6193e-05,
        -6.9960e-05,  2.1285e-05, -5.0503e-06, -6.1996e-05,  1.8331e-05,
         3.6228e-05, -5.3673e-05, -1.2937e-05,  6.9092e-05, -4.4579e-06,
         1.1753e-05], device='cuda:0', dtype=torch.float64) caused floating point error nan
INFO:BO.base_model:parameter tensor([ 9.3008e+01,  4.7721e+02,  4.5844e+02,  2.1511e+02,  5.4246e+01,
        -2.2930e+02,  2.2158e+02,  1.3914e+02, -7.8550e+01,  6.3564e+01,
         2.0768e+02, -2.7280e+02,  1.2083e+01,  3.7910e+02, -1.8968e+02,
         3.2200e+01,  3.1967e+02,  1.2204e+02,  4.3948e+02, -1.2433e+02,
        -2.3996e+01, -1.5862e+02, -2.7594e+02, -2.4636e+02, -1.4026e+01,
         2.8199e+02,  4.9245e+02,  3.0249e+02, -1.1756e+02, -2.0845e+02,
         6.4699e+01, -4.5506e+02,  4.2451e+02,  8.8709e+01,  1.9054e+02,
        -1.3859e+02,  1.7395e+01,  1.1376e+02,  3.0368e+02, -4.8890e+02,
         2.3907e+01, -3.8807e+01,  2.3619e+02,  3.8383e+02, -4.7443e+01,
         1.0512e+02, -6.1424e+02, -1.6627e+02,  1.5193e+02,  5.6883e+02,
         3.0781e+02, -1.3361e+02, -5.5853e+02,  1.9807e-01, -1.0645e+02,
         7.6392e+02, -3.2061e+02, -3.6422e+02,  3.6970e+02, -2.8158e+01,
        -8.5350e+01,  1.8287e+02, -4.1411e+02, -2.4235e+02,  1.0005e+03,
        -6.6362e+02,  8.8589e+00,  5.5701e+02,  1.2346e+02, -5.0400e+01,
        -2.5194e+02, -6.6867e+02, -3.6605e+02,  2.7424e+02,  2.5491e+01,
         7.1471e+02,  3.6655e+02, -2.3202e+01,  1.6778e+02, -1.7745e+02,
        -4.3660e+01, -6.1943e+02, -9.2394e+02,  3.9351e+02,  1.5815e+02,
         3.1080e+02, -2.7454e+02,  5.7549e+01, -2.8497e+02,  5.4550e+02,
         1.4056e+02], device='cuda:0', dtype=torch.float64) caused floating point error inf
INFO:BO.base_model:parameter tensor([ -14.8035,  258.2885,  194.5645, -217.4372,  223.4827, -170.8223,
          43.9650, -254.3274,  147.4137,  760.1060,  102.0969,  -36.8395,
         481.3240, -371.3892, -297.6782, -165.1280,  332.9619, -604.6555,
        -195.2287,  371.1905, -255.8678, -104.0820,  -61.5564,  156.3047,
        -589.9301, -175.6754,  -23.5073, -427.2359,  197.5055,  204.2056,
         420.0277,  -31.8480,  320.8637,  134.5706,  280.8730, -638.9345,
         260.2283,  185.5465,  -74.7666,  320.4235,  155.6495,  181.5963,
         299.1193,  165.5363,  347.0995, -378.1642, -263.5617, -558.4493,
        -231.9376,  -95.2734,  344.2835,  171.2429,    9.3568,  409.1757,
        -277.6020,  200.5703,  -95.1245, -165.1096,  518.9237, -460.1758,
        -145.7448,  -83.8714,  282.9788,  215.0794, -250.7833,  -25.7153,
        -202.9144, -377.5136,  147.1239, -266.7269, -339.2595, -313.9662,
        -369.6779,   54.6768, -667.6343, -388.7431,  173.6259, -300.2149,
        -290.1347, -171.4762,  579.3924,   58.7524,  426.2387, -264.6294,
        1108.6792,  -35.3319,    3.1461, -188.5498,  -31.7023, -145.4195,
        -672.7791], device='cuda:0', dtype=torch.float64) caused floating point error inf
INFO:BO.base_model:parameter tensor([-225.2785,  360.6018,    5.9855, -272.4945, -295.8959,  295.1571,
          43.1100,  -46.9460, -470.3369,  537.0883, -221.5811,  316.5527,
          -9.1767, -453.3895,   52.6352,  464.2949,  146.7835,  368.7288,
         503.1186,  422.7067,  155.5241,   93.0930,    8.9979, -146.6314,
        -220.4101,  151.7135,  216.5270,  453.7458, -186.8807,  175.0912,
         161.7213, -334.8468,  275.5297,   55.2349,   60.4962,  196.9226,
         -12.0783,   89.9894,  258.4759,  166.3306,  142.7719,   62.8698,
        -860.6795, -109.0804, -500.8464, -285.6678, -215.7013,   45.2985,
        -249.7368,   54.9729, -846.2169,  135.1028,   55.3527,  -71.6834,
        -145.5871,  302.1886, -408.0183,  -12.7832,  345.7473,  487.0498,
         -71.1516,  196.5083,  -89.0216, -295.4156, -337.5972,  183.9636,
         466.7733,  595.0446,  175.1862,  503.0668,  510.8904,   78.9142,
         103.2574,  494.5119,   39.8730, -455.3621,  456.7840,  898.5130,
         325.5076,   52.7395,   78.3776,  -74.2810,  294.5742,  203.4272,
         290.1657,  236.8217, -554.0494,   84.3489,   -6.8856,  546.6554,
        -728.1186], device='cuda:0', dtype=torch.float64) caused floating point error nan
INFO:BO.base_model:parameter tensor([ 2.0325e+02, -2.6305e+02, -2.0010e+02,  5.3968e+02,  3.1643e+02,
         1.7715e+02,  4.6307e+01,  2.5241e+02, -2.8398e+02,  6.1085e+02,
        -3.8198e+02, -2.8260e+02,  8.5518e+00, -1.5900e+02,  5.6534e+02,
         6.3052e+02, -2.5192e+02, -2.6960e+02, -4.2248e+02,  8.5350e+02,
        -2.0108e+02,  8.2082e+01, -2.6551e+02, -1.0620e+02, -3.2333e+02,
         3.6967e+02, -1.4742e+02, -1.7748e+02,  1.6865e+02,  5.7506e-02,
        -7.6156e+02,  2.3199e+02,  1.4336e+02, -3.4327e+02, -4.7202e+02,
         2.7525e+02, -2.7944e+02, -7.1056e+01, -6.1322e+02, -2.5263e+02,
        -5.5020e+02, -1.3715e+02, -1.2981e+02,  2.7779e+02,  6.5467e+00,
         1.5048e+02,  3.2192e+02, -6.8906e+02, -4.6099e+02, -1.6857e+02,
        -1.6575e+02,  1.1946e+02,  2.0304e+02,  3.1980e+02, -8.2839e+01,
         7.1563e+01, -4.2266e+01,  7.1031e+02,  5.1098e+01, -7.9664e+01,
         1.8529e+02,  3.2541e+02, -1.8735e+00,  3.4681e+02,  2.1056e+02,
         9.4845e+01,  2.5798e+00, -3.6699e+02,  1.5378e+02, -2.8485e+02,
         3.5607e+02,  1.4257e+01,  1.4911e+02, -2.2258e+02, -1.2094e+02,
        -4.8802e+02, -8.4515e+01,  1.1449e+01, -5.1255e+02,  1.4292e+02,
         2.9057e+02, -4.3442e+01,  4.4764e+02,  4.2812e+02, -3.8596e+02,
        -4.0906e+02,  2.1641e+02, -2.4178e+02,  7.3594e+02,  2.7768e+02,
        -1.1060e+02], device='cuda:0', dtype=torch.float64) caused floating point error nan
INFO:BO.base_model:parameter tensor([ 390.7587,  620.1734, -436.8857,  -80.2399, -474.7951,   10.2957,
         -97.6187, -893.4507, -493.3694,  510.7238, -267.0536,  337.1746,
        -411.1868, -293.9988,  346.9648, -381.3997, -729.0179,  130.0190,
          99.5843, -315.4027,  167.5396,  310.1162,  205.6278,  108.5276,
         -90.3762,  179.7442, -259.6733,  160.2468,  308.2505, -142.2803,
        -145.2318, -258.9971, -446.1008,  176.5217, -227.5293, -194.6894,
         473.3845,    6.3827, -561.1857,  286.3001,  268.1039,  195.9245,
         279.8785, -203.5530,  145.1588, -584.3318,  246.5178,    9.6438,
         173.5037, -289.4141,  120.4659, -408.4389,  373.8171, -912.1056,
          44.8995,  -27.3420, -238.5624,   31.7550,  481.4694, -260.2223,
         195.1197,  689.3506,  573.7218,   94.2098,  257.5733,  -80.1788,
          17.1026,   81.4407, -167.3708,  868.3497,  -98.0580, -165.8177,
         -50.5599,  298.6314,  466.6506,  262.7020,  390.9140,  124.2833,
        -151.7601, -144.2391, -261.0577,  173.2578, -327.6717,  190.8922,
        -197.9366,  112.3340, -218.9251, -115.5721,  -79.5679,  255.5290,
         440.2618], device='cuda:0', dtype=torch.float64) caused floating point error nan
INFO:BO.base_model:parameter tensor([-356.3219, -115.5195, -519.6255,  196.2374,  -55.7417,  227.5375,
         331.0198,  389.3233,  412.0665,  531.6148,  384.2394, -668.5860,
         308.8128,  137.9309, -359.1349,  104.7621,   77.9473,  124.9362,
         -44.7520, -161.0451, -301.1084,  108.2183, -282.5215, -513.8055,
        -294.0664,  501.4306,  680.1678,  -43.6156, -130.7467,  270.3920,
          49.4118,  157.6868, -220.3254, -176.4024,   41.3287,  226.9463,
          -1.9030,  147.7090, -153.2765,  -39.0201,  -29.4484,  142.0540,
         200.4730,   55.4508,  253.9332, -227.7243,  -18.1176, -511.0974,
         401.9476,   70.3917, -508.8871, -105.7607,   86.2721, -167.8488,
        -269.8217,   30.0295, -653.2210, -298.1694,  592.2783,  759.3076,
         153.1819,  -78.8766, -313.5975,   27.9829,  323.5465, -655.5261,
        -546.4858, -291.0043, -561.6970,  548.0293,  357.1209,   38.0214,
         172.8776,  -23.4941,  385.3824,   93.6311,  172.2179,  144.1146,
         387.8230,  177.5372,  160.1188, -150.4049, -192.6835, -114.1185,
         480.5995,  325.4808, -582.0421, -165.3167,  571.7201, -117.8624,
        -294.6140], device='cuda:0', dtype=torch.float64) caused floating point error nan
INFO:BO.base_model:parameter tensor([ 105.5689,  126.1846,  269.7884,  436.1768,  307.9504, -150.8546,
          43.0882, -273.8704,  380.1213,  442.6378,  390.9249, -177.5546,
         367.9964,   51.8745,  292.0371,  922.5065, -474.5322,  -36.5733,
          53.6892, -733.9691, -465.5130, -174.2903,  420.8546,  144.6288,
          33.9872, -445.9354, -200.0381,   35.9068, -165.6312,   17.6883,
          76.7690, -113.3673, -702.3875,  -67.6129, -198.6649,  403.1309,
        -132.2025,  119.6175,  297.4088,  -59.3652,  471.1530,  337.6527,
          89.8291, -158.5451, -506.9808,  367.1476, -115.2735, -238.2795,
        -428.1525,   94.6617,  -13.3883,  263.7387,   25.1504, -232.5210,
          47.0449, -181.8306,  395.5440,  312.1031,  -40.0227, -625.9843,
         372.8225,  353.8717, -457.4490,  262.1938,  788.1957,  126.6726,
         -30.8707, -258.4451,  186.7950, -504.0950, -101.0556,  254.9119,
         301.7075,  272.5660,  442.8156,  142.7314,  782.7618,  107.8781,
        1025.9136, -287.4413, -112.5373,   90.7355,   -5.5790, -786.1104,
        -223.1462,  216.9294,  307.2448, -500.3939, -191.5510, -443.8248,
         595.3917], device='cuda:0', dtype=torch.float64) caused floating point error inf
INFO:BO.base_model:parameter tensor([-2.2266e-118,  -3.3705e-62, -8.1794e-155, -2.2446e-215,  -1.8092e-78,
        -4.7465e-150, -1.3627e-188, -7.4821e-228,  -4.0678e-60, -1.5652e-223,
        -2.0476e-234, -1.2396e-230,  -4.6194e-01,  -2.4110e-77, -3.5850e-273,
        -4.0699e-292, -5.8523e-111, -1.4543e-259, -5.2069e-266, -4.5766e-251,
        -6.4818e-188,  -8.3002e-32, -3.7276e-282, -1.0677e-282,  -9.3282e-54,
        -2.8493e-105,  -4.5293e-85, -4.9416e-189, -2.9802e-291, -1.7341e-179,
        -1.6066e-105, -8.3289e-103,  -2.8444e-27, -3.7208e-197, -2.4913e-217,
        -4.8488e-144, -1.6502e-255, -4.2856e-231,  -4.4200e-66, -1.6783e-174,
         -1.1934e-04, -2.6613e-104, -8.6379e-224,  -1.1555e-94, -2.1260e-286,
        -2.6808e-177, -9.3560e-234,  -1.9370e-49, -2.9051e-132,  -5.8606e-08,
        -1.8200e-208, -5.5190e-160,  -1.4769e-74, -8.7517e-251,  -9.7106e-57,
        -1.1524e-263,  -2.4370e-42, -2.9271e-270, -4.1265e-136, -8.4434e-218,
        -5.0153e-304, -1.6751e-139,  -1.4113e-03, -1.2610e-138,  -4.5718e-09,
         -3.5439e-68, -2.4675e-147,  -4.2482e-47,  -8.2790e-32,  -1.0014e-57,
         -2.4506e-37, -1.2042e-203, -1.6977e-133,  -7.1553e-61, -1.4471e-107,
        -9.2061e-122, -6.2732e-106,  -1.1868e-47, -1.1204e-304,  -9.4537e-72,
        -3.0650e-214, -5.1552e-289, -8.1437e-254, -2.6713e-308, -1.8390e-129,
        -1.1105e-235, -1.4288e-184, -1.1895e-272, -2.3782e-163, -2.2732e-286,
        -2.5603e-197], device='cuda:0', dtype=torch.float64) caused floating point error -inf
INFO:BO.base_model:parameter tensor([-2.5201e-281, -2.2007e-239,  -4.8171e+02, -9.4604e-218, -1.9739e-158,
         -4.1138e+02,  -6.0062e-88, -1.0096e-199, -3.6794e-239, -2.5579e-304,
         -1.8675e+01, -3.4134e-171, -4.3886e-197, -1.1173e-225,  -3.2888e-51,
        -5.9008e-223, -4.1162e-294, -2.6190e-114,  -1.2499e-59, -8.7205e-162,
        -1.5149e-165, -9.2129e-256,  -1.4649e-32,  -3.8647e-19, -1.2702e-194,
         -1.2083e-56, -2.3295e-228, -1.5698e-164,  -1.0727e-69,  -5.0342e-58,
        -1.9834e-186,  -1.1845e+00, -8.0242e-112, -1.3933e-208, -1.6036e-284,
         -1.3737e+02, -6.2872e-214, -4.7263e-171,  -3.8486e+03, -3.8947e-123,
         -1.3098e-33, -1.0000e-274, -4.8374e-101,  -6.2578e-86,  -2.7167e-98,
         -7.1797e+02, -3.0939e-168,  -1.8515e-69, -4.9994e-291,  -3.5990e-95,
        -1.1229e-117, -2.7904e-154, -6.9931e-264, -1.8842e-226, -1.0365e-188,
         -1.8610e-64,  -1.9905e-70, -6.3738e-192, -2.3059e-263,  -5.2296e+01,
          2.7188e+02,  -2.7282e+04,  -7.0954e-59, -1.6719e-168, -1.0986e-250,
        -6.3484e-180, -1.1173e-153,  -9.0686e+01, -3.3080e-204, -3.6934e-146,
        -5.7193e-218,  -8.6922e-64, -1.6592e-203,  -1.0744e-22,  -6.2207e+02,
        -1.5001e-161, -5.4891e-229,  -1.9021e-65,  -5.7615e-05, -5.7217e-155,
         -6.5658e-49, -2.7170e-145,  -6.9553e-41,  -9.5494e-85, -5.9019e-142,
        -2.1843e-247,  -9.6214e+00,  -3.1061e+02,  -1.4775e-34, -1.2596e-114,
         -2.9988e-91], device='cuda:0', dtype=torch.float64) caused floating point error nan
INFO:BO.base_model:parameter tensor([-2.1750e+02,  2.6028e+02,  9.7128e+01,  4.8428e+02, -3.1688e+02,
         2.2803e+02,  3.6549e+02,  1.9674e+02, -7.2343e+02, -5.2843e+02,
        -1.9691e+02,  3.9527e+00, -7.4560e+02,  2.8590e+01, -4.5184e+02,
        -1.4442e+02, -4.3826e+01, -3.2980e+02, -1.9848e+02, -1.9450e+01,
        -1.3611e+02, -2.9832e+02, -1.6011e+02, -7.0690e+03,  3.3125e+02,
        -7.1733e+01, -4.2886e+02,  1.2605e+02, -1.2674e+02,  1.3336e+02,
         1.3325e+02,  4.0423e+02,  3.7452e+01,  4.8429e+01,  1.5070e+02,
        -2.3461e+02, -5.6648e+01, -3.2767e+02, -1.7361e+02, -7.6253e+01,
         4.4107e+02, -9.8860e+01,  7.2219e+02,  2.4997e+02,  1.9935e+02,
        -1.9281e+02,  8.9715e+01,  8.3417e+01,  2.9478e+02, -1.9739e+01,
         2.7791e+02, -1.9447e+02,  1.8340e+02, -1.1650e+02, -1.6700e+02,
         4.5407e+02, -1.0349e+02,  7.1708e+02,  2.2066e+02,  3.4635e+01,
        -1.7387e+02,  4.0009e+02, -3.6659e+01, -3.7723e+01, -3.8559e+02,
         6.7055e+02, -4.1754e+02,  1.5903e+02, -7.9670e+01,  5.8042e+01,
         1.6662e+02,  5.8775e+01, -3.3988e+02,  1.5505e+02, -7.1099e+02,
         3.2523e+02, -7.2485e+01, -1.7797e+02, -4.0658e+02,  3.9865e+01,
        -1.7218e+01,  4.0582e+01, -1.0637e+02, -5.1812e+02,  1.0752e+03,
         4.4220e+02,  7.5052e+01,  2.0954e+01,  8.3640e+02, -5.9500e+02,
         3.9092e+02], device='cuda:0', dtype=torch.float64) caused floating point error nan
INFO:BO.base_model:parameter tensor([ -2.2069e-97, -2.2163e-277, -1.0613e-157,  -6.4822e-49, -1.6877e-113,
        -5.0333e-249, -6.4086e-220, -1.9533e-216, -7.8749e-200, -2.8784e-300,
        -2.8761e-130, -6.9830e-226,  -1.9681e-30,   6.9743e+01,  -5.8515e-30,
         -1.3377e-25,  -4.3035e+02, -7.9288e-129, -3.0379e-201, -4.2106e-240,
        -1.0814e-264, -4.1756e-190, -4.6898e-221, -8.9383e-286, -1.9585e-129,
         -1.2620e-48,  -1.6925e-32, -4.1701e-161, -3.6693e-305, -1.0357e-151,
        -1.8287e-164,  -4.6932e-35, -3.2446e-195, -2.4405e-118,   6.5935e+02,
        -3.3095e-164,  -4.8786e-51,  -1.7830e-59,  -3.0215e-03, -1.3612e-127,
         -9.2184e-41, -2.8085e-191,  -8.2386e-72, -5.9766e-116, -6.6396e-235,
        -3.5928e-245,  -7.2849e-95, -3.4757e-286, -4.7508e-133, -4.4558e-179,
        -2.1198e-192, -1.7058e-287,  -7.1780e-19, -5.3979e-107,  -1.8129e-75,
         -8.4656e-51, -3.9314e-290, -2.2275e-181,  -3.1983e-51,  -5.6370e-28,
        -6.1950e-256, -5.4914e-244, -5.5096e-229, -9.2545e-284, -1.7367e-159,
         -2.2809e-52, -4.4222e-258,  -1.8646e+03, -5.0121e-305, -4.1661e-189,
        -1.1568e-251, -1.7184e-252, -1.0574e-289, -8.5714e-166,  -4.2953e-54,
        -1.3827e-199,  -8.5436e-78,  -1.5164e-53, -1.0758e-166,  -1.3229e-74,
        -6.2963e-215,  -4.1009e+02, -1.3302e-220, -5.5105e-301,  -3.4787e-87,
        -2.9625e-217, -2.4589e-188,  -1.3912e-47, -2.4728e-173, -1.2752e-176,
         -1.4230e+05], device='cuda:0', dtype=torch.float64) caused floating point error nan
INFO:BO.base_model:parameter tensor([-2.5607e+02,  2.7658e+02, -1.7664e+03, -2.4043e+02,  1.0857e+02,
        -1.0391e+02,  5.0575e+01, -1.9153e+02,  4.7063e+02,  5.1884e+02,
        -2.9166e+02, -2.1666e+01, -3.2532e+02, -4.8300e+02,  3.5639e+02,
         1.5197e+02,  1.0236e+02, -4.9277e+02,  3.0303e+02, -1.1446e+04,
         6.2413e+02, -1.9209e+02,  5.0235e+02, -3.5362e+01, -2.0887e+02,
        -4.1920e+02,  1.7220e+02, -1.3708e+02, -4.2747e+02, -5.0555e+02,
         3.2599e+02,  2.9090e+02,  1.4122e+02, -9.2182e+01, -1.9882e+02,
         1.1262e+02,  1.5716e+02,  5.7241e+02, -3.6095e+02, -2.0570e+02,
        -5.7237e+02,  9.6453e+02, -2.4825e+01, -2.4063e+02, -1.5632e+02,
         1.2331e+02,  6.7184e+02,  9.1394e+01,  1.4471e+02,  5.8077e+01,
         2.1844e+02, -4.1485e+02, -1.8339e+02,  5.6422e+02,  4.8275e+02,
        -5.4032e+02,  1.1681e+02, -3.0276e+01, -4.1013e+01, -4.6432e+02,
         7.8657e+00, -4.2652e+02, -7.8014e+02, -5.8676e+02, -4.0911e+02,
        -8.4215e+02, -1.6351e+02,  2.8473e+02,  5.6104e+01, -3.3465e+02,
         2.0388e+02,  2.3509e+01, -7.7371e+01, -9.6140e+01,  3.6568e+02,
         1.6889e+02, -1.0403e+01,  4.1915e+02, -1.0273e+02, -3.0441e+02,
         2.2691e+02, -2.1039e+02, -3.6679e+02,  4.9637e+02, -7.0702e+01,
         1.4971e+01,  3.4831e+02,  4.0952e+02,  2.2666e+02, -2.1710e+01,
         7.6247e+02], device='cuda:0', dtype=torch.float64) caused floating point error nan
INFO:BO.base_model:parameter tensor([-1.0608e-194, -4.1711e-170, -1.2000e-102,  -2.1196e-10,  -2.5392e-96,
        -2.0044e-217,  1.0089e-150, -5.2761e-192, -5.9614e-130, -2.0966e-290,
        -7.6371e-196, -3.9602e-246, -4.7839e-119, -2.3705e-206,  -3.9902e-47,
         -1.3316e-77,  6.3510e-183,  -1.8524e-50,  -5.9386e-99,   5.7378e+02,
        -4.3848e-232,  -4.6391e-47,  1.0817e-169, -2.1060e-290,  -4.3063e-63,
         -7.0267e+01,  1.3292e-182, -4.6545e-290,  -6.7734e+02, -2.6485e-119,
        -1.4264e-157, -2.0861e-116, -7.8065e-307, -2.2192e-265, -1.4987e-208,
         -5.7753e-28,  -3.2066e-85, -3.6060e-297,  -1.7260e-59,  -1.1137e-69,
        -2.2179e-173, -1.0892e-197, -4.4767e-204, -1.2381e-208,  6.4693e-168,
        -1.2596e-159, -1.2218e-263,   9.6095e+01, -1.0289e-233,  -9.0270e-03,
         -1.0543e-79,  -2.4702e-38, -3.4625e-165,  -4.6281e-30,  -2.5513e-48,
        -1.4317e-233,  -1.6598e-77,  -3.8904e-83,  -4.0191e-61,  -2.0112e-21,
        -3.2705e-289,   4.0532e+02, -3.9877e-116,  -4.3677e-77, -1.2966e-153,
        -2.6185e-129,  1.8177e-228,   2.7035e+02,  1.6680e-170,  2.4361e-180,
        -2.2251e-123, -1.6628e-238, -7.6888e-150, -6.0545e-280, -9.7042e-167,
        -6.4955e-296, -9.9776e-240, -2.6408e-159, -2.5984e-262, -2.2993e-274,
        -3.7577e-224,  -3.1090e-80, -3.9636e-305,  4.8829e-161,  -3.5172e-37,
         -2.9432e-96,  -5.1983e-39, -2.5029e-179,  -1.1553e-98, -4.8462e-117,
         -1.7793e+03], device='cuda:0', dtype=torch.float64) caused floating point error nan
INFO:BO.base_model:parameter tensor([-3.9812e-266, -9.9810e-256, -1.2577e-165, -3.6763e-150, -3.1397e-147,
        -7.5461e-261, -1.0850e-237, -5.4867e-141, -7.7396e-106, -4.2340e-109,
        -1.5347e-260, -3.2169e-133, -3.6801e-294, -1.7498e-174, -1.4755e-154,
        -1.1447e-156, -8.0237e-151, -3.7950e-121, -5.2221e-268, -2.4067e-114,
        -1.7166e-126, -1.8014e-103, -9.0878e-135, -5.1706e-284, -3.6165e-104,
        -1.2684e-259, -2.5334e-152, -1.6105e-170, -3.1532e-211, -7.2527e-111,
        -6.0910e-187, -1.6577e-175, -7.6172e-185, -2.5492e-181, -6.9572e-105,
        -2.0525e-305, -3.0410e-131, -4.8492e-212, -1.3533e-126, -4.7502e-104,
        -5.6255e-179, -2.7833e-210, -1.3528e-159, -4.6113e-117, -2.0498e-130,
        -1.5258e-219, -2.0273e-134, -1.9975e-277, -7.5128e-273, -5.6260e-111,
        -6.8322e-213, -3.1335e-175, -2.6529e-275, -3.5690e-248, -6.6901e-195,
        -6.7274e-288, -5.8123e-288, -2.1036e-249, -1.5105e-103, -3.2839e-166,
        -7.3004e-142, -1.4624e-166, -5.2050e-179, -1.4959e-268, -7.4245e-191,
        -3.1686e-166, -3.1173e-292, -6.4911e-192, -1.5533e-125, -8.8373e-249,
        -1.3206e-272, -4.6648e-128, -1.5309e-120, -2.4398e-250, -2.6023e-104,
        -9.4027e-141, -1.0714e-103, -7.1001e-118, -1.8727e-217, -1.5294e-111,
        -5.1663e-266, -5.8565e-104, -5.9324e-170, -4.2924e-256, -1.6931e-133,
        -1.5830e-241, -1.9391e-280, -2.1688e-164, -9.5748e-141, -2.5632e-172,
        -1.3147e-232], device='cuda:0', dtype=torch.float64) caused floating point error nan
INFO:BO.base_model:parameter tensor([-3.3198e-105, -3.9313e-104, -1.3359e-104, -4.4687e-104, -5.1873e-105,
        -2.3564e-103, -3.7001e-104, -2.4296e-103, -3.4983e-104, -1.9872e-103,
        -4.1111e-104, -1.7172e-104, -8.3070e-105, -3.9912e-104, -8.5442e-104,
        -1.6815e-103, -3.9575e-104, -6.7378e-105, -7.0180e-104, -1.0585e-103,
        -1.7328e-103, -1.1087e-103, -9.2631e-104, -1.0822e-103, -3.1676e-105,
        -7.6840e-104, -1.5102e-103, -1.0382e-103, -2.6456e-104, -9.1173e-105,
        -1.3874e-103, -3.1045e-105, -1.1751e-103, -1.5236e-103, -4.8311e-104,
        -1.7648e-104, -4.2920e-104, -1.0420e-103, -6.7527e-104, -1.1071e-103,
        -1.1737e-103, -9.6911e-104, -1.1148e-103, -2.3752e-104, -1.5748e-103,
        -3.8528e-104, -5.3842e-104, -1.4124e-103, -2.8930e-103, -1.1895e-103,
        -4.6992e-104, -1.4246e-103, -5.5365e-104, -1.0220e-103, -2.4222e-103,
        -1.8843e-103, -4.1670e-104, -1.1021e-103, -1.1359e-103, -1.7006e-103,
        -1.2088e-103, -2.6560e-101, -8.1345e-104, -2.2248e-103, -1.3536e-103,
        -3.4964e-104, -1.5118e-103, -1.1861e-104, -1.0410e-103, -3.5143e-104,
        -2.8343e-104, -5.1028e-104, -8.3216e-104, -2.0259e-104, -1.5163e-103,
        -4.3233e-104, -2.3436e-104, -7.5532e-104, -7.1661e-104, -5.9527e-104,
        -8.8084e-104, -1.5251e-104, -8.1854e-106, -1.3366e-103, -7.5638e-104,
        -6.6817e-104, -6.9046e-104, -4.2601e-104, -1.5775e-103, -2.0819e-104,
        -9.9078e-105], device='cuda:0', dtype=torch.float64) caused floating point error nan
INFO:BO.base_model:parameter tensor([-4.8863e-148, -2.4510e-251, -1.3919e-193, -8.5729e-229, -8.6781e-268,
        -4.1729e-242, -1.0038e-126, -4.9245e-131, -4.2710e-122, -9.7491e-236,
        -6.8584e-121, -5.7675e-235, -8.5707e-220, -7.2176e-206, -1.5153e-286,
        -1.6255e-237, -1.3812e-239, -3.2905e-146, -6.1426e-278, -4.5377e-146,
        -8.7105e-128, -9.3714e-127, -5.7695e-143, -1.8965e-123, -1.7016e-226,
        -2.5063e-289, -9.2695e-202, -2.0364e-255, -2.0439e-187, -5.1578e-141,
        -6.2327e-235, -4.0604e-128, -4.3007e-123, -6.9637e-302, -5.5467e-126,
        -2.5375e-145, -2.9539e-170, -1.7731e-126, -3.0726e-155, -4.0303e-230,
        -8.6356e-211, -3.2333e-198, -5.8416e-289, -3.8641e-191, -1.0554e-154,
        -1.6163e-134, -2.7173e-103, -1.9468e-290, -8.0077e-301, -2.5404e-274,
        -3.0601e-306, -8.4072e-241, -4.6442e-268, -5.4575e-183, -1.2153e-181,
        -9.5060e-104, -4.2865e-251, -2.6482e-163, -8.4166e-147, -8.3267e-130,
        -7.5148e-286, -4.0184e-116, -1.7488e-122, -4.4886e-106, -2.6123e-124,
        -1.3169e-219, -3.9637e-210, -3.5373e-277, -5.9772e-171, -2.2562e-299,
        -9.7045e-110, -6.6821e-161, -2.2233e-160, -1.7659e-104, -1.8178e-177,
        -6.0330e-182, -5.6564e-242, -1.9388e-250, -9.9099e-295, -1.0633e-263,
        -2.0421e-170, -7.5066e-240, -1.1580e-103, -6.3855e-114, -4.4108e-178,
        -6.7628e-215, -1.3931e-102, -4.6339e-298, -1.1284e-199, -1.7038e-109,
        -9.6264e-104], device='cuda:0', dtype=torch.float64) caused floating point error nan
INFO:BO.base_model:parameter tensor([-3.5065e-104, -2.6389e-104, -6.6250e-104, -5.5805e-104, -3.2505e-103,
        -6.0769e-105, -6.7928e-105, -1.4652e-103, -2.7976e-104, -4.6323e-104,
        -4.4782e-104, -1.2197e-104, -7.7781e-104, -2.1824e-103, -1.9281e-105,
        -5.5162e-104, -1.5261e-103, -2.3733e-105, -6.2727e-104, -6.8165e-105,
        -1.7271e-103, -4.5173e-104, -4.2349e-104, -1.0056e-103, -1.3111e-103,
        -2.1387e-104, -3.4843e-106, -2.7322e-104, -2.8700e-105, -5.3647e-105,
        -1.6190e-103, -3.1164e-103, -1.6587e-103, -1.2644e-103, -8.9412e-104,
        -1.7323e-103, -1.2136e-103, -9.7462e-104, -8.1784e-104, -2.0900e-103,
        -3.6774e-104, -3.2966e-105, -1.3073e-103, -7.0118e-105, -2.3117e-104,
        -2.0592e-103, -1.7239e-104, -7.5480e-104, -4.3698e-104, -2.3924e-103,
        -1.2505e-103, -1.4605e-106, -1.3474e-104, -1.8615e-103, -6.0401e-104,
        -3.6386e-104, -8.5241e-104, -1.3525e-103, -5.9137e-105, -2.6650e-104,
        -4.1213e-105, -1.5012e-103, -8.5216e-104, -7.8447e-104, -4.2488e-104,
        -2.6511e-103, -1.3310e-103, -1.0269e-103, -5.9566e-104, -2.6160e-104,
        -1.1803e-103, -4.7045e-104, -3.5981e-104, -3.7439e-104, -1.8798e-104,
        -9.1889e-104, -1.0376e-104, -2.7814e-104, -6.1961e-104, -7.5246e-105,
        -1.0865e-103, -3.4119e-104, -1.5293e-103, -7.6264e-104, -3.5121e-102,
        -1.8835e-103, -9.5162e-104, -2.5951e-104, -4.9263e-104, -7.4664e-104,
        -1.9351e-103], device='cuda:0', dtype=torch.float64) caused floating point error nan
INFO:BO.base_model:parameter tensor([-6.4752e-226, -2.1480e-243, -3.0140e-190, -3.4398e-203, -4.0691e-225,
        -1.2412e-185, -6.4049e-270, -9.9226e-176, -1.3775e-216, -1.0081e-153,
        -1.7840e-217, -1.1706e-171, -1.9859e-270, -2.2739e-141, -5.3436e-140,
        -2.8121e-270, -2.9268e-234, -1.7938e-265, -1.4415e-278, -9.3617e-233,
        -2.7598e-126, -2.2523e-155, -1.8979e-237, -3.6094e-259, -6.1950e-199,
        -5.8450e-145, -7.7588e-178, -1.8485e-223, -2.2729e-177, -2.3056e-117,
        -7.8562e-307, -1.1535e-181, -6.3135e-290, -6.0962e-214, -2.3474e-211,
        -2.9977e-232, -2.8258e-119, -6.1758e-204, -7.6414e-134, -2.9521e-176,
        -5.8141e-252, -4.4593e-287, -4.5601e-176, -1.1896e-118, -2.1604e-208,
        -2.2716e-201, -2.8627e-286, -3.3001e-174, -3.0939e-200, -4.2151e-173,
        -4.7414e-189, -1.9707e-205, -3.2261e-274, -3.1048e-129, -1.4627e-205,
        -5.2821e-124, -7.3323e-220, -1.1035e-105, -6.3345e-204, -1.8392e-184,
        -4.9854e-293, -1.1754e-146, -1.2845e-104, -7.0264e-119, -2.6289e-226,
        -1.8044e-106, -2.0097e-276, -9.7756e-194, -1.0329e-210, -9.2661e-104,
        -2.6442e-192, -4.4671e-240, -7.3042e-176, -8.5279e-192, -4.2885e-159,
        -3.9861e-161, -1.9868e-260, -2.3906e-104, -4.1370e-138, -4.9751e-132,
        -9.6738e-141, -2.4729e-228, -4.2554e-266, -2.5770e-240, -1.2784e-175,
        -3.7592e-232, -1.0626e-285, -3.5032e-190, -7.9575e-163, -8.3492e-200,
        -5.5836e-108], device='cuda:0', dtype=torch.float64) caused floating point error nan
INFO:BO.base_model:parameter tensor([5.1007e-167, 8.7964e-147, 1.3593e-273, 6.8755e-145, 2.5237e-226,
        1.8615e-110, 1.3412e-135, 3.1583e-256, 9.2935e-289, 2.2153e-296,
        1.5051e-204, 1.1239e-171, 1.5703e-165, 2.0924e-103, 3.3687e-223,
        5.6860e-256, 2.0711e-241, 5.8446e-102, 1.0113e-290, 1.2576e-116,
        1.2899e-281, 2.3766e-152, 7.3192e-246, 4.5537e-159, 3.9469e-234,
        3.4102e-137, 3.1204e-242, 8.4443e-268, 5.2107e-180, 1.4701e-266,
        1.4446e-120, 6.0031e-148, 4.2553e-183, 1.2962e-164, 3.0611e-274,
        5.0712e-258, 5.5232e-104, 2.6978e-217, 1.0627e-207, 3.4634e-160,
        2.4095e-180, 1.1869e-294, 2.5036e-104, 4.1010e-190, 7.1956e-177,
        6.6498e-136, 7.5425e-206, 2.5492e-257, 2.9351e-223, 5.4560e-161,
        8.7819e-235, 7.5290e-213, 6.6400e-257, 1.3643e-136, 5.2381e-163,
        2.6599e-196, 1.7360e-201, 1.0856e-307, 8.2222e-266, 3.6681e-159,
        3.6632e-293, 1.9301e-166, 4.2468e-287, 2.6032e-250, 6.2432e-305,
        2.9304e-163, 1.4160e-157, 2.0694e-136, 8.6193e-243, 2.7948e-249,
        1.3660e-132, 1.3421e-241, 9.5507e-167, 3.4259e-185, 8.8281e-204,
        5.4259e-180, 1.7911e-213, 6.7987e-130, 1.8013e-279, 1.1450e-154,
        2.6176e-104, 1.8718e-136, 2.0173e-103, 3.3639e-123, 1.9219e-147,
        5.4243e-114, 5.3872e-251, 3.0904e-192, 9.2440e-245, 1.6529e-159,
        1.0866e-135], device='cuda:0', dtype=torch.float64) caused floating point error nan
INFO:BO.base_model:parameter tensor([1.6102e-103, 2.6366e-104, 3.6614e-104, 7.1296e-104, 1.9091e-103,
        1.1981e-105, 7.4520e-104, 1.2585e-103, 5.9737e-104, 1.1955e-103,
        2.5323e-105, 1.5209e-103, 9.5045e-104, 2.7823e-104, 1.3003e-104,
        3.0810e-103, 3.3344e-104, 1.0900e-104, 1.1225e-103, 4.0632e-104,
        1.0185e-103, 2.7046e-104, 2.3563e-104, 1.3037e-104, 1.0005e-103,
        1.0383e-103, 8.9138e-105, 9.3500e-104, 1.0560e-104, 2.3434e-104,
        5.7423e-105, 5.2914e-103, 5.4443e-104, 3.8848e-104, 1.1009e-103,
        1.1620e-103, 1.0437e-103, 1.5581e-103, 1.6563e-103, 1.6167e-103,
        8.0862e-104, 7.0077e-104, 7.2743e-104, 1.0286e-103, 1.0002e-103,
        3.0191e-105, 6.9085e-105, 1.1464e-103, 3.3450e-104, 1.0541e-103,
        7.3629e-105, 7.4605e-104, 5.3936e-104, 9.4722e-104, 3.8774e-104,
        9.3739e-104, 1.2745e-103, 5.0505e-105, 1.7275e-103, 2.1149e-103,
        1.0465e-103, 7.4509e-104, 3.3556e-104, 3.3031e-104, 8.6865e-104,
        1.2727e-103, 1.0059e-103, 1.2508e-103, 1.4870e-103, 2.7989e-104,
        8.3972e-104, 1.9230e-104, 3.4843e-104, 4.6518e-104, 2.2261e-103,
        2.1918e-104, 2.0053e-104, 8.4139e-104, 7.8036e-104, 6.8605e-104,
        1.9047e-104, 1.2099e-103, 2.9242e-104, 4.3258e-104, 6.1127e-104,
        1.0528e-103, 9.3675e-104, 9.5978e-104, 1.4256e-103, 3.7518e-104,
        6.5399e-105], device='cuda:0', dtype=torch.float64) caused floating point error nan
INFO:BO.base_model:parameter tensor([4.9202e-247, 4.0434e-109, 2.9014e-220, 7.7041e-104, 1.1227e-174,
        5.3788e-277, 5.7238e-145, 4.4356e-123, 2.2885e-187, 2.7685e-282,
        5.1447e-251, 7.2682e-217, 5.0413e-148, 3.8904e-206, 4.3421e-137,
        2.0119e-249, 2.2484e-215, 5.9106e-108, 9.1320e-145, 2.8501e-140,
        1.0823e-113, 6.2935e-177, 4.6178e-213, 5.8289e-303, 7.1849e-104,
        4.0108e-243, 3.8443e-305, 9.1235e-212, 3.3361e-305, 6.6416e-220,
        9.7955e-230, 1.2995e-103, 4.0003e-243, 2.4098e-179, 1.4551e-103,
        9.0164e-238, 5.1441e-288, 1.2567e-104, 2.5424e-228, 9.3393e-169,
        1.1547e-289, 4.7893e-225, 1.0484e-132, 1.9141e-129, 1.5439e-252,
        3.7193e-166, 6.1393e-288, 1.7112e-102, 2.1739e-197, 2.8750e-188,
        9.9819e-172, 1.3680e-142, 1.7555e-173, 3.3663e-256, 8.6271e-290,
        5.6958e-244, 5.0066e-188, 8.6798e-204, 5.5303e-148, 6.5560e-180,
        7.5844e-301, 2.1710e-159, 1.3085e-107, 4.7206e-212, 1.8292e-256,
        2.9427e-167, 9.2225e-212, 2.8282e-266, 2.9160e-151, 4.2356e-157,
        2.0943e-108, 3.6076e-169, 4.6306e-104, 6.9060e-274, 1.1124e-305,
        1.9004e-103, 3.5774e-282, 2.7930e-160, 1.4667e-277, 1.8126e-127,
        5.9691e-245, 9.3620e-307, 8.1264e-134, 1.2975e-157, 3.5792e-240,
        1.7668e-246, 3.1511e-110, 5.1449e-203, 2.9706e-298, 1.9814e-233,
        6.4533e-261], device='cuda:0', dtype=torch.float64) caused floating point error nan
INFO:BO.base_model:parameter tensor([1.0621e-103, 1.5716e-103, 2.3958e-104, 1.4493e-103, 9.6827e-105,
        1.1011e-103, 9.9429e-104, 3.3654e-104, 1.0608e-103, 2.6117e-104,
        9.6588e-104, 6.3088e-104, 6.3586e-105, 7.8997e-104, 2.9463e-104,
        4.1511e-106, 1.1399e-104, 7.3448e-104, 8.5483e-104, 1.9978e-103,
        1.7327e-103, 1.1112e-103, 8.8597e-104, 9.6704e-104, 4.2203e-104,
        5.5007e-104, 1.3720e-103, 2.7875e-106, 5.7650e-104, 3.6269e-104,
        7.7300e-104, 8.6660e-104, 5.7992e-104, 9.2424e-105, 5.9748e-105,
        3.3876e-104, 1.9286e-103, 2.1442e-103, 3.4787e-104, 1.5767e-103,
        2.8477e-105, 2.1736e-103, 5.8645e-104, 1.6565e-102, 2.2275e-105,
        2.3304e-105, 4.0336e-104, 5.9939e-105, 4.5408e-104, 9.1289e-104,
        6.4366e-104, 1.7645e-104, 8.9628e-105, 4.9924e-104, 2.7746e-104,
        8.7662e-104, 2.9243e-104, 5.9374e-104, 7.8734e-104, 1.2021e-103,
        5.4210e-104, 2.5661e-104, 1.9986e-103, 2.6009e-103, 7.3343e-104,
        2.1720e-103, 1.7673e-103, 1.4106e-103, 1.7503e-103, 9.1177e-104,
        1.2363e-103, 2.7507e-104, 4.3794e-104, 5.1858e-104, 1.1521e-104,
        1.2186e-103, 9.6543e-104, 2.4962e-105, 5.6744e-104, 5.2184e-104,
        4.6828e-103, 1.5907e-104, 1.0304e-103, 1.7629e-104, 3.5974e-104,
        5.3281e-104, 1.5411e-103, 5.6571e-103, 4.6369e-104, 1.1178e-103,
        1.5332e-104], device='cuda:0', dtype=torch.float64) caused floating point error nan
INFO:BO.base_model:parameter tensor([8.9909e-119, 1.8036e-188, 1.3750e-250, 1.4889e-155, 1.7850e-107,
        6.6772e-175, 4.3759e-259, 6.4891e-253, 2.8681e-171, 7.3176e-264,
        1.3430e-114, 2.6121e-150, 1.8620e-207, 1.1551e-103, 1.3487e-182,
        4.0572e-189, 9.8204e-260, 1.3042e-288, 3.8624e-204, 4.7728e-222,
        6.9823e-256, 3.5152e-260, 1.8941e-200, 2.7884e-219, 6.2632e-289,
        8.0277e-134, 6.6495e-104, 7.0975e-254, 4.4500e-226, 6.8004e-192,
        6.4796e-224, 9.0320e-105, 6.7045e-183, 1.3972e-122, 4.8530e-189,
        1.2334e-247, 8.4536e-205, 4.6855e-214, 1.9326e-158, 4.9904e-147,
        6.7752e-286, 2.1529e-300, 2.4103e-229, 1.8347e-228, 1.3663e-294,
        1.0516e-277, 2.5331e-195, 6.7655e-129, 8.7343e-104, 2.0586e-131,
        5.2879e-285, 4.6449e-106, 1.0945e-257, 3.5983e-106, 5.4672e-242,
        5.0344e-108, 6.4964e-294, 1.8321e-160, 2.0113e-167, 9.2715e-269,
        2.2243e-242, 1.4932e-127, 4.9544e-247, 3.9136e-288, 1.2181e-197,
        1.1255e-153, 2.0739e-185, 1.7121e-156, 1.7705e-284, 6.8281e-104,
        1.1514e-103, 4.1678e-190, 2.7934e-290, 7.6475e-285, 2.0912e-162,
        1.8925e-153, 1.3473e-128, 3.4409e-217, 1.1594e-201, 6.3476e-273,
        5.8929e-104, 3.4076e-168, 5.0803e-253, 2.0612e-165, 4.1557e-105,
        2.9331e-142, 1.4289e-104, 9.4503e-156, 1.0799e-180, 1.2744e-176,
        9.7645e-300], device='cuda:0', dtype=torch.float64) caused floating point error nan
INFO:BO.base_model:parameter tensor([-2.1886e+02,  3.5256e+02, -3.8876e+02, -1.6146e+02,  8.9623e+00,
        -2.6321e+01,  1.6991e+02, -1.5217e+02, -3.9269e+02,  3.0076e+02,
        -3.9215e+02, -3.2544e+02,  6.1481e+01, -2.2334e+02,  2.2626e+02,
        -2.4705e+02, -2.4462e+02,  9.3360e+02,  1.7516e+02,  4.0601e+02,
         2.9016e+02, -6.5431e+02, -3.5893e+02, -5.0117e+02,  4.3218e+02,
         2.7372e+02, -7.8554e+02,  5.9480e+02,  3.7229e+02, -2.1483e+02,
        -7.2123e+02, -6.7902e+01,  2.3515e+02, -2.9789e+02,  5.7897e+02,
        -5.2490e+01, -3.6857e+01,  1.2902e+02,  9.7122e+02,  2.8341e+02,
        -2.6266e+02, -1.2770e+05, -2.2705e+02, -3.2226e+02,  6.2765e+02,
        -2.8204e+02, -1.0756e+02, -5.9708e+02, -1.2895e+02,  2.3403e+02,
        -4.5095e+02,  7.2682e+02, -3.2234e+02,  2.1337e+02, -5.5709e+02,
        -4.6294e+02, -2.8753e+02,  1.9374e+01, -1.8760e+02, -2.8152e+01,
         2.9317e+02, -4.7857e+02, -1.5853e+02,  1.2822e+02, -5.9460e+02,
        -1.3924e+02, -7.8042e+01, -4.2568e+02, -4.0107e+02,  3.0933e+02,
        -2.9072e+02,  1.8405e+02,  5.5749e+02, -8.3874e+01, -6.0225e+02,
        -1.9199e+02, -2.9893e+00, -2.9595e+02, -5.1678e+02,  1.2832e+02,
         6.1379e+02, -3.0988e+02,  4.7070e+02, -4.2394e+01,  5.4876e+02,
        -6.0951e+02, -9.4849e+00,  1.5052e+02,  3.4065e+02,  2.4999e+02,
        -1.8709e+02], device='cuda:0', dtype=torch.float64) caused floating point error nan
INFO:BO.base_model:parameter tensor([-5.6977e+02, -4.5275e+02, -9.0959e+02, -5.2118e+02,  4.5574e+02,
         6.9107e+01, -7.2982e+02,  2.0679e+02,  1.2825e+02, -3.5703e+01,
        -3.6358e+02, -1.2226e+02, -2.7800e+02, -5.9187e+01, -1.9063e+00,
        -2.2050e+02, -4.5619e+02,  2.1823e+02,  2.3326e+02, -7.1887e+02,
        -3.8751e+02,  4.2903e+01,  4.9744e+02, -2.6326e+02,  2.8120e+01,
        -1.7558e+02,  1.5563e+02,  9.0370e+01,  4.4770e+02,  4.9290e+02,
        -1.5008e+02, -9.4195e+00, -6.4986e+02, -1.9467e+02, -2.4659e+02,
         4.4441e+02,  1.3050e+02,  2.8645e+02, -5.5151e+02, -1.3703e+02,
         2.6554e+02,  1.3671e+01,  3.0902e+01, -1.7621e+02, -9.7588e+02,
        -3.5015e+02, -4.2370e+01, -2.3221e+02,  1.4898e+02, -6.4086e+02,
        -7.9434e+01, -1.7069e+02,  4.7350e+02, -3.2236e+01, -3.1093e+02,
        -1.3956e+02,  1.1919e+02,  3.4814e+02,  5.5239e+02,  2.7781e+02,
        -2.3576e+01,  1.3326e+01, -1.5122e+02,  2.7415e+02,  9.8980e+01,
        -1.9854e+02,  6.3219e+00, -1.1097e+02, -7.5481e+01,  1.6209e+02,
         5.1719e+02, -1.9600e+02,  8.8277e+02, -4.9018e+02, -1.9464e+02,
         1.7684e+02,  4.0942e+02, -1.4523e+02,  1.6525e+02, -2.3594e+02,
        -2.3414e+02,  1.5440e+02, -4.7065e+02, -4.7355e+02, -7.7932e+01,
         5.6140e+02,  5.5217e+02,  3.8261e+01, -1.3869e+04, -8.2094e+01,
         7.2883e+01], device='cuda:0', dtype=torch.float64) caused floating point error nan
INFO:BO.base_model:parameter tensor([-3.8873e-06,  8.3689e-06, -6.5869e-05, -4.4359e-05, -6.1361e-05,
         3.2361e-05, -6.0440e-05, -2.9911e+02, -4.8665e-05, -3.3776e-05,
        -2.6674e-05, -3.3556e-05, -9.9539e-06,  2.7522e-06,  4.6600e-05,
        -5.3902e-03, -1.0697e+02, -2.2336e-05,  3.5051e-05,  1.7110e-05,
        -5.4931e-05,  8.3762e-06, -2.2650e+02,  4.1727e+01,  4.4289e-05,
         1.0501e-05, -2.4573e-03, -1.5846e-06,  3.9265e-05,  4.6681e-05,
         4.0188e-05, -1.2985e-05,  4.6118e-05, -7.8891e-05, -8.4446e-05,
        -4.5100e-06,  1.1448e-05, -4.7646e-06, -8.0020e-06,  1.6839e-05,
         7.0287e-05, -1.2456e-06,  6.2174e-05,  2.1379e-05,  8.2643e-06,
         1.7213e-05,  5.1857e-05, -4.0757e-05,  4.4413e-05,  7.5911e-05,
        -1.9370e-05,  3.4274e-05,  1.7153e-05, -1.1937e-05, -2.5566e+02,
         2.9974e-05, -5.5001e-06,  1.1924e-05, -4.8301e-05, -1.8953e-05,
         2.9696e-05,  9.4918e+01,  3.7729e-06,  3.0515e+02, -3.1467e-05,
         6.9318e-05, -1.6244e-05, -5.6417e-05, -1.1592e+04, -1.1789e-05,
         6.7794e-06, -4.3479e-05, -4.0238e-05,  3.8140e-05, -1.3804e-05,
         1.2600e-05, -3.6761e-06, -1.1181e-05,  4.9250e-05, -4.1446e-05,
        -1.9256e-05,  3.4818e-05,  2.6619e-05, -6.3986e-05,  4.6755e-05,
         7.1647e-05,  1.3510e-05, -4.2014e-05,  4.8189e-05,  2.0922e-05,
        -3.6306e-05], device='cuda:0', dtype=torch.float64) caused floating point error nan
INFO:BO.base_model:parameter tensor([ 3.7026e+02, -6.4838e+02, -1.3583e+02,  5.3181e+02, -1.0380e+03,
        -3.0435e+01,  4.2310e+02,  1.2303e+02,  2.7633e+01, -2.4175e+02,
        -1.3778e+02, -4.2011e+02,  1.1568e+02, -2.4880e+02,  1.0659e+02,
        -2.2977e+02, -3.3562e+02,  2.0061e+02, -7.7660e+01,  1.7173e+02,
         4.4930e+02,  1.2522e+02, -1.9487e+00, -7.5640e+00,  1.0668e+02,
         9.4475e+01, -4.8438e+01, -1.8831e+02, -5.8842e+02,  7.6607e+02,
        -6.4849e+01, -3.1383e+02,  1.3683e+02, -3.1640e+02,  4.3277e+02,
         1.4469e+02,  6.3794e+02,  1.4532e+02, -2.3092e+02,  1.2919e+02,
        -4.6118e+01, -1.2748e+05, -1.4519e+02, -6.5507e+01,  3.0364e+02,
         4.4306e+02,  3.9535e+02, -1.6591e+02,  1.0396e+02,  1.2464e+02,
        -3.5781e+02,  3.1091e+02,  1.5417e+02, -3.0388e+02, -4.4465e+02,
        -5.1565e+02, -1.8880e+02, -3.8231e+01, -6.6959e+01, -4.2672e+02,
        -8.1681e+02,  3.6787e+02, -5.9402e+02,  3.4760e+02,  3.4066e+02,
        -2.9608e+01, -1.5500e+02,  1.0614e+02, -5.7783e+02, -4.6338e+02,
         2.0698e+02, -2.7389e+01, -4.2478e+02,  2.3938e+02, -2.6759e+02,
        -3.5129e+02,  5.0300e+02, -6.6656e+02,  1.0947e+02, -1.7345e+02,
        -1.9492e+01, -1.8360e+02, -4.9314e+02,  2.4023e+02, -2.4875e+02,
        -6.6137e+01,  9.2723e+01, -2.3734e+02, -5.5470e+02,  6.8546e+02,
         7.6072e+01], device='cuda:0', dtype=torch.float64) caused floating point error nan
INFO:BO.base_model:parameter tensor([ 214.0085, -294.6537, -187.7147, -504.9348, -121.1571, -758.3635,
        -119.4641,  250.5990, -251.0369, -116.5895,  273.0342,  376.3572,
         141.5230,   82.8927,   71.6239,  419.4191,  191.2774, -120.4192,
         276.6000, -114.1262,  -18.3447, -553.7895,  217.7467,   45.4390,
         275.2886, -194.1609,  260.1907, -509.0733, -224.1399,  376.1714,
        -186.0099,   45.3104, -262.7896,  457.4877, -332.4917, -498.3203,
          31.4336,  155.8787,   -3.8828, -360.4585, -327.1113, -520.4813,
           7.4358,  627.4281,  528.1777, -401.4942, -140.2695,  211.1919,
        -249.4563,  394.9725,  163.1700,  510.3045, -478.5229, -135.3347,
        -562.5332,  290.3673,  -26.6257, -868.0857,  116.2706, -160.4524,
         151.5347, -177.4082, -464.5437,  -36.9249, -150.2702, -241.7750,
         -26.8692, -332.4235, -217.0239,  363.4765,  291.8763, -174.8591,
         325.7041, -418.3430,  -93.6483, -472.3694, -137.8790,  114.4484,
        -602.0245,  166.0822,  528.8357,  488.0529, -227.0683,  336.1225,
        -229.8534,  113.8372,  -97.1325,   46.4622, -563.6882,  -15.5901,
        -143.6649], device='cuda:0', dtype=torch.float64) caused floating point error nan
INFO:BO.base_model:parameter tensor([ 4.8874e-06, -7.6577e-05, -7.2136e-05,  7.2823e-05, -7.2112e-05,
        -3.2319e-05, -8.6429e-05,  5.6441e-06, -6.3047e-05,  5.5772e-05,
        -3.0347e-05, -1.9619e-05, -4.4516e-05, -1.5186e-05,  2.3247e-05,
         3.8734e-05, -4.1468e-05, -6.7232e-05, -2.0434e-05,  4.9843e-05,
         1.6828e-06, -6.5061e-05,  4.2801e-05, -2.3674e-05, -2.6069e-05,
         1.0218e-06, -5.8902e-05,  2.0184e-05, -1.3618e-05,  2.6741e-05,
         3.1558e-05,  9.4896e-06,  4.8988e-05, -6.5916e-06, -3.6122e-05,
         2.9805e-05,  4.2767e-05, -5.9278e-06, -3.7238e-05,  1.3721e-05,
         3.8593e-06,  2.1398e-05,  2.0344e-05, -1.8205e-05,  2.0026e-05,
         4.3435e-05, -4.6733e-05, -6.8543e-05,  5.3482e-05, -1.2315e-05,
         1.5505e-05,  3.1346e-05,  3.1454e-06, -6.6694e-05, -5.3197e-05,
         7.3946e-06,  1.7954e-05,  9.2630e-06, -3.6658e-05,  3.1341e-06,
        -1.5844e-06, -9.2031e-06, -1.8673e-05, -1.2960e-06,  5.5219e-05,
         6.1573e-05, -1.3714e-05,  1.4187e-06, -1.5756e-05, -3.1169e-05,
        -5.3093e-05, -1.4800e-05, -4.7150e-06, -3.3662e-07,  1.2040e-05,
        -1.0297e-05,  3.2456e-05, -1.9689e-06,  3.2513e-05, -4.1911e-05,
        -1.3168e-06,  4.3876e-05,  1.4069e-05, -4.9753e-05,  3.3727e-05,
         5.2122e-05, -1.9080e-05, -5.1599e-07,  7.2604e-05,  3.5428e-05,
        -5.9135e-05], device='cuda:0', dtype=torch.float64) caused floating point error nan
INFO:BO.base_model:parameter tensor([ 4.8874e-06, -7.6577e-05, -7.2136e-05,  7.2823e-05, -7.2112e-05,
        -3.2319e-05, -8.6429e-05,  5.6441e-06, -6.3047e-05,  5.5772e-05,
        -3.0347e-05, -1.9619e-05, -4.4516e-05, -1.5186e-05,  2.3247e-05,
         3.8734e-05, -4.1468e-05, -6.7232e-05, -2.0434e-05,  4.9843e-05,
         1.6828e-06, -6.5061e-05,  4.2801e-05, -2.3674e-05, -2.6069e-05,
         1.0218e-06, -5.8902e-05,  2.0184e-05, -1.3618e-05,  2.6741e-05,
         3.1558e-05,  9.4896e-06,  4.8988e-05, -6.5916e-06, -3.6122e-05,
         2.9805e-05,  4.2767e-05, -5.9278e-06, -3.7238e-05,  1.3721e-05,
         3.8593e-06,  2.1398e-05,  2.0344e-05, -1.8205e-05,  2.0026e-05,
         4.3435e-05, -4.6733e-05, -6.8543e-05,  5.3482e-05, -1.2315e-05,
         1.5505e-05,  3.1346e-05,  3.1454e-06, -6.6694e-05, -5.3197e-05,
         7.3946e-06,  1.7954e-05,  9.2630e-06, -3.6658e-05,  3.1341e-06,
        -1.5844e-06, -9.2031e-06, -1.8673e-05, -1.2960e-06,  5.5219e-05,
         6.1573e-05, -1.3714e-05,  1.4187e-06, -1.5756e-05, -3.1169e-05,
        -5.3093e-05, -1.4800e-05, -4.7150e-06, -3.3662e-07,  1.2040e-05,
        -1.0297e-05,  3.2456e-05, -1.9689e-06,  3.2513e-05, -4.1911e-05,
        -1.3168e-06,  4.3876e-05,  1.4069e-05, -4.9753e-05,  3.3727e-05,
         5.2122e-05, -1.9080e-05, -5.1599e-07,  7.2604e-05,  3.5428e-05,
        -5.9135e-05], device='cuda:0', dtype=torch.float64) caused floating point error nan
INFO:BO.base_model:parameter tensor([ 4.8874e-06, -7.6577e-05, -7.2136e-05,  7.2823e-05, -7.2112e-05,
        -3.2319e-05, -8.6429e-05,  5.6441e-06, -6.3047e-05,  5.5772e-05,
        -3.0347e-05, -1.9619e-05, -4.4516e-05, -1.5186e-05,  2.3247e-05,
         3.8734e-05, -4.1468e-05, -6.7232e-05, -2.0434e-05,  4.9843e-05,
         1.6828e-06, -6.5061e-05,  4.2801e-05, -2.3674e-05, -2.6069e-05,
         1.0218e-06, -5.8902e-05,  2.0184e-05, -1.3618e-05,  2.6741e-05,
         3.1558e-05,  9.4896e-06,  4.8988e-05, -6.5916e-06, -3.6122e-05,
         2.9805e-05,  4.2767e-05, -5.9278e-06, -3.7238e-05,  1.3721e-05,
         3.8593e-06,  2.1398e-05,  2.0344e-05, -1.8205e-05,  2.0026e-05,
         4.3435e-05, -4.6733e-05, -6.8543e-05,  5.3482e-05, -1.2315e-05,
         1.5505e-05,  3.1346e-05,  3.1454e-06, -6.6694e-05, -5.3197e-05,
         7.3946e-06,  1.7954e-05,  9.2630e-06, -3.6658e-05,  3.1341e-06,
        -1.5844e-06, -9.2031e-06, -1.8673e-05, -1.2960e-06,  5.5219e-05,
         6.1573e-05, -1.3714e-05,  1.4187e-06, -1.5756e-05, -3.1169e-05,
        -5.3093e-05, -1.4800e-05, -4.7150e-06, -3.3662e-07,  1.2040e-05,
        -1.0297e-05,  3.2456e-05, -1.9689e-06,  3.2513e-05, -4.1911e-05,
        -1.3168e-06,  4.3876e-05,  1.4069e-05, -4.9753e-05,  3.3727e-05,
         5.2122e-05, -1.9080e-05, -5.1599e-07,  7.2604e-05,  3.5428e-05,
        -5.9135e-05], device='cuda:0', dtype=torch.float64) caused floating point error nan
INFO:BO.base_model:parameter tensor([ 4.8874e-06, -7.6577e-05, -7.2136e-05,  7.2823e-05, -7.2112e-05,
        -3.2319e-05, -8.6429e-05,  5.6441e-06, -6.3047e-05,  5.5772e-05,
        -3.0347e-05, -1.9619e-05, -4.4516e-05, -1.5186e-05,  2.3247e-05,
         3.8734e-05, -4.1468e-05, -6.7232e-05, -2.0434e-05,  4.9843e-05,
         1.6828e-06, -6.5061e-05,  4.2801e-05, -2.3674e-05, -2.6069e-05,
         1.0218e-06, -5.8902e-05,  2.0184e-05, -1.3618e-05,  2.6741e-05,
         3.1558e-05,  9.4896e-06,  4.8988e-05, -6.5916e-06, -3.6122e-05,
         2.9805e-05,  4.2767e-05, -5.9278e-06, -3.7238e-05,  1.3721e-05,
         3.8593e-06,  2.1398e-05,  2.0344e-05, -1.8205e-05,  2.0026e-05,
         4.3435e-05, -4.6733e-05, -6.8543e-05,  5.3482e-05, -1.2315e-05,
         1.5505e-05,  3.1346e-05,  3.1454e-06, -6.6694e-05, -5.3197e-05,
         7.3946e-06,  1.7954e-05,  9.2630e-06, -3.6658e-05,  3.1341e-06,
        -1.5844e-06, -9.2031e-06, -1.8673e-05, -1.2960e-06,  5.5219e-05,
         6.1573e-05, -1.3714e-05,  1.4187e-06, -1.5756e-05, -3.1169e-05,
        -5.3093e-05, -1.4800e-05, -4.7150e-06, -3.3662e-07,  1.2040e-05,
        -1.0297e-05,  3.2456e-05, -1.9689e-06,  3.2513e-05, -4.1911e-05,
        -1.3168e-06,  4.3876e-05,  1.4069e-05, -4.9753e-05,  3.3727e-05,
         5.2122e-05, -1.9080e-05, -5.1599e-07,  7.2604e-05,  3.5428e-05,
        -5.9135e-05], device='cuda:0', dtype=torch.float64) caused floating point error nan
INFO:BO.base_model:parameter tensor([ 4.8874e-06, -7.6577e-05, -7.2136e-05,  7.2823e-05, -7.2112e-05,
        -3.2319e-05, -8.6429e-05,  5.6441e-06, -6.3047e-05,  5.5772e-05,
        -3.0347e-05, -1.9619e-05, -4.4516e-05, -1.5186e-05,  2.3247e-05,
         3.8734e-05, -4.1468e-05, -6.7232e-05, -2.0434e-05,  4.9843e-05,
         1.6828e-06, -6.5061e-05,  4.2801e-05, -2.3674e-05, -2.6069e-05,
         1.0218e-06, -5.8902e-05,  2.0184e-05, -1.3618e-05,  2.6741e-05,
         3.1558e-05,  9.4896e-06,  4.8988e-05, -6.5916e-06, -3.6122e-05,
         2.9805e-05,  4.2767e-05, -5.9278e-06, -3.7238e-05,  1.3721e-05,
         3.8593e-06,  2.1398e-05,  2.0344e-05, -1.8205e-05,  2.0026e-05,
         4.3435e-05, -4.6733e-05, -6.8543e-05,  5.3482e-05, -1.2315e-05,
         1.5505e-05,  3.1346e-05,  3.1454e-06, -6.6694e-05, -5.3197e-05,
         7.3946e-06,  1.7954e-05,  9.2630e-06, -3.6658e-05,  3.1341e-06,
        -1.5844e-06, -9.2031e-06, -1.8673e-05, -1.2960e-06,  5.5219e-05,
         6.1573e-05, -1.3714e-05,  1.4187e-06, -1.5756e-05, -3.1169e-05,
        -5.3093e-05, -1.4800e-05, -4.7150e-06, -3.3662e-07,  1.2040e-05,
        -1.0297e-05,  3.2456e-05, -1.9689e-06,  3.2513e-05, -4.1911e-05,
        -1.3168e-06,  4.3876e-05,  1.4069e-05, -4.9753e-05,  3.3727e-05,
         5.2122e-05, -1.9080e-05, -5.1599e-07,  7.2604e-05,  3.5428e-05,
        -5.9135e-05], device='cuda:0', dtype=torch.float64) caused floating point error nan
INFO:BO.base_model:parameter tensor([ 4.8874e-06, -7.6577e-05, -7.2136e-05,  7.2823e-05, -7.2112e-05,
        -3.2319e-05, -8.6429e-05,  5.6441e-06, -6.3047e-05,  5.5772e-05,
        -3.0347e-05, -1.9619e-05, -4.4516e-05, -1.5186e-05,  2.3247e-05,
         3.8734e-05, -4.1468e-05, -6.7232e-05, -2.0434e-05,  4.9843e-05,
         1.6828e-06, -6.5061e-05,  4.2801e-05, -2.3674e-05, -2.6069e-05,
         1.0218e-06, -5.8902e-05,  2.0184e-05, -1.3618e-05,  2.6741e-05,
         3.1558e-05,  9.4896e-06,  4.8988e-05, -6.5916e-06, -3.6122e-05,
         2.9805e-05,  4.2767e-05, -5.9278e-06, -3.7238e-05,  1.3721e-05,
         3.8593e-06,  2.1398e-05,  2.0344e-05, -1.8205e-05,  2.0026e-05,
         4.3435e-05, -4.6733e-05, -6.8543e-05,  5.3482e-05, -1.2315e-05,
         1.5505e-05,  3.1346e-05,  3.1454e-06, -6.6694e-05, -5.3197e-05,
         7.3946e-06,  1.7954e-05,  9.2630e-06, -3.6658e-05,  3.1341e-06,
        -1.5844e-06, -9.2031e-06, -1.8673e-05, -1.2960e-06,  5.5219e-05,
         6.1573e-05, -1.3714e-05,  1.4187e-06, -1.5756e-05, -3.1169e-05,
        -5.3093e-05, -1.4800e-05, -4.7150e-06, -3.3662e-07,  1.2040e-05,
        -1.0297e-05,  3.2456e-05, -1.9689e-06,  3.2513e-05, -4.1911e-05,
        -1.3168e-06,  4.3876e-05,  1.4069e-05, -4.9753e-05,  3.3727e-05,
         5.2122e-05, -1.9080e-05, -5.1599e-07,  7.2604e-05,  3.5428e-05,
        -5.9135e-05], device='cuda:0', dtype=torch.float64) caused floating point error nan
INFO:BO.base_model:parameter tensor([ 4.8874e-06, -7.6577e-05, -7.2136e-05,  7.2823e-05, -7.2112e-05,
        -3.2319e-05, -8.6429e-05,  5.6441e-06, -6.3047e-05,  5.5772e-05,
        -3.0347e-05, -1.9619e-05, -4.4516e-05, -1.5186e-05,  2.3247e-05,
         3.8734e-05, -4.1468e-05, -6.7232e-05, -2.0434e-05,  4.9843e-05,
         1.6828e-06, -6.5061e-05,  4.2801e-05, -2.3674e-05, -2.6069e-05,
         1.0218e-06, -5.8902e-05,  2.0184e-05, -1.3618e-05,  2.6741e-05,
         3.1558e-05,  9.4896e-06,  4.8988e-05, -6.5916e-06, -3.6122e-05,
         2.9805e-05,  4.2767e-05, -5.9278e-06, -3.7238e-05,  1.3721e-05,
         3.8593e-06,  2.1398e-05,  2.0344e-05, -1.8205e-05,  2.0026e-05,
         4.3435e-05, -4.6733e-05, -6.8543e-05,  5.3482e-05, -1.2315e-05,
         1.5505e-05,  3.1346e-05,  3.1454e-06, -6.6694e-05, -5.3197e-05,
         7.3946e-06,  1.7954e-05,  9.2630e-06, -3.6658e-05,  3.1341e-06,
        -1.5844e-06, -9.2031e-06, -1.8673e-05, -1.2960e-06,  5.5219e-05,
         6.1573e-05, -1.3714e-05,  1.4187e-06, -1.5756e-05, -3.1169e-05,
        -5.3093e-05, -1.4800e-05, -4.7150e-06, -3.3662e-07,  1.2040e-05,
        -1.0297e-05,  3.2456e-05, -1.9689e-06,  3.2513e-05, -4.1911e-05,
        -1.3168e-06,  4.3876e-05,  1.4069e-05, -4.9753e-05,  3.3727e-05,
         5.2122e-05, -1.9080e-05, -5.1599e-07,  7.2604e-05,  3.5428e-05,
        -5.9135e-05], device='cuda:0', dtype=torch.float64) caused floating point error nan
INFO:BO.base_model:parameter tensor([ 4.8874e-06, -7.6577e-05, -7.2136e-05,  7.2823e-05, -7.2112e-05,
        -3.2319e-05, -8.6429e-05,  5.6441e-06, -6.3047e-05,  5.5772e-05,
        -3.0347e-05, -1.9619e-05, -4.4516e-05, -1.5186e-05,  2.3247e-05,
         3.8734e-05, -4.1468e-05, -6.7232e-05, -2.0434e-05,  4.9843e-05,
         1.6828e-06, -6.5061e-05,  4.2801e-05, -2.3674e-05, -2.6069e-05,
         1.0218e-06, -5.8902e-05,  2.0184e-05, -1.3618e-05,  2.6741e-05,
         3.1558e-05,  9.4896e-06,  4.8988e-05, -6.5916e-06, -3.6122e-05,
         2.9805e-05,  4.2767e-05, -5.9278e-06, -3.7238e-05,  1.3721e-05,
         3.8593e-06,  2.1398e-05,  2.0344e-05, -1.8205e-05,  2.0026e-05,
         4.3435e-05, -4.6733e-05, -6.8543e-05,  5.3482e-05, -1.2315e-05,
         1.5505e-05,  3.1346e-05,  3.1454e-06, -6.6694e-05, -5.3197e-05,
         7.3946e-06,  1.7954e-05,  9.2630e-06, -3.6658e-05,  3.1341e-06,
        -1.5844e-06, -9.2031e-06, -1.8673e-05, -1.2960e-06,  5.5219e-05,
         6.1573e-05, -1.3714e-05,  1.4187e-06, -1.5756e-05, -3.1169e-05,
        -5.3093e-05, -1.4800e-05, -4.7150e-06, -3.3662e-07,  1.2040e-05,
        -1.0297e-05,  3.2456e-05, -1.9689e-06,  3.2513e-05, -4.1911e-05,
        -1.3168e-06,  4.3876e-05,  1.4069e-05, -4.9753e-05,  3.3727e-05,
         5.2122e-05, -1.9080e-05, -5.1599e-07,  7.2604e-05,  3.5428e-05,
        -5.9135e-05], device='cuda:0', dtype=torch.float64) caused floating point error nan
INFO:BO.base_model:parameter tensor([ 4.8874e-06, -7.6577e-05, -7.2136e-05,  7.2823e-05, -7.2112e-05,
        -3.2319e-05, -8.6429e-05,  5.6441e-06, -6.3047e-05,  5.5772e-05,
        -3.0347e-05, -1.9619e-05, -4.4516e-05, -1.5186e-05,  2.3247e-05,
         3.8734e-05, -4.1468e-05, -6.7232e-05, -2.0434e-05,  4.9843e-05,
         1.6828e-06, -6.5061e-05,  4.2801e-05, -2.3674e-05, -2.6069e-05,
         1.0218e-06, -5.8902e-05,  2.0184e-05, -1.3618e-05,  2.6741e-05,
         3.1558e-05,  9.4896e-06,  4.8988e-05, -6.5916e-06, -3.6122e-05,
         2.9805e-05,  4.2767e-05, -5.9278e-06, -3.7238e-05,  1.3721e-05,
         3.8593e-06,  2.1398e-05,  2.0344e-05, -1.8205e-05,  2.0026e-05,
         4.3435e-05, -4.6733e-05, -6.8543e-05,  5.3482e-05, -1.2315e-05,
         1.5505e-05,  3.1346e-05,  3.1454e-06, -6.6694e-05, -5.3197e-05,
         7.3946e-06,  1.7954e-05,  9.2630e-06, -3.6658e-05,  3.1341e-06,
        -1.5844e-06, -9.2031e-06, -1.8673e-05, -1.2960e-06,  5.5219e-05,
         6.1573e-05, -1.3714e-05,  1.4187e-06, -1.5756e-05, -3.1169e-05,
        -5.3093e-05, -1.4800e-05, -4.7150e-06, -3.3662e-07,  1.2040e-05,
        -1.0297e-05,  3.2456e-05, -1.9689e-06,  3.2513e-05, -4.1911e-05,
        -1.3168e-06,  4.3876e-05,  1.4069e-05, -4.9753e-05,  3.3727e-05,
         5.2122e-05, -1.9080e-05, -5.1599e-07,  7.2604e-05,  3.5428e-05,
        -5.9135e-05], device='cuda:0', dtype=torch.float64) caused floating point error nan
INFO:BO.base_model:parameter tensor([ 4.8874e-06, -7.6577e-05, -7.2136e-05,  7.2823e-05, -7.2112e-05,
        -3.2319e-05, -8.6429e-05,  5.6441e-06, -6.3047e-05,  5.5772e-05,
        -3.0347e-05, -1.9619e-05, -4.4516e-05, -1.5186e-05,  2.3247e-05,
         3.8734e-05, -4.1468e-05, -6.7232e-05, -2.0434e-05,  4.9843e-05,
         1.6828e-06, -6.5061e-05,  4.2801e-05, -2.3674e-05, -2.6069e-05,
         1.0218e-06, -5.8902e-05,  2.0184e-05, -1.3618e-05,  2.6741e-05,
         3.1558e-05,  9.4896e-06,  4.8988e-05, -6.5916e-06, -3.6122e-05,
         2.9805e-05,  4.2767e-05, -5.9278e-06, -3.7238e-05,  1.3721e-05,
         3.8593e-06,  2.1398e-05,  2.0344e-05, -1.8205e-05,  2.0026e-05,
         4.3435e-05, -4.6733e-05, -6.8543e-05,  5.3482e-05, -1.2315e-05,
         1.5505e-05,  3.1346e-05,  3.1454e-06, -6.6694e-05, -5.3197e-05,
         7.3946e-06,  1.7954e-05,  9.2630e-06, -3.6658e-05,  3.1341e-06,
        -1.5844e-06, -9.2031e-06, -1.8673e-05, -1.2960e-06,  5.5219e-05,
         6.1573e-05, -1.3714e-05,  1.4187e-06, -1.5756e-05, -3.1169e-05,
        -5.3093e-05, -1.4800e-05, -4.7150e-06, -3.3662e-07,  1.2040e-05,
        -1.0297e-05,  3.2456e-05, -1.9689e-06,  3.2513e-05, -4.1911e-05,
        -1.3168e-06,  4.3876e-05,  1.4069e-05, -4.9753e-05,  3.3727e-05,
         5.2122e-05, -1.9080e-05, -5.1599e-07,  7.2604e-05,  3.5428e-05,
        -5.9135e-05], device='cuda:0', dtype=torch.float64) caused floating point error nan
INFO:BO.base_model:parameter tensor([-6.7884e+01, -1.6457e+02, -7.6436e+01,  1.5718e+02,  2.6720e+02,
         2.9670e+02, -4.7804e+02, -2.6079e+02,  2.3751e+02, -4.0120e+02,
        -6.0716e+02, -3.8975e+02, -5.9508e+02, -8.6357e+02,  5.2700e+02,
        -4.6134e+02,  1.6851e+02, -1.6701e+02, -1.0836e+02, -2.3067e+02,
         6.9115e+02, -5.5461e+01,  2.0153e+02, -7.2570e+01, -2.2982e+02,
         2.3293e+02, -9.1617e+01,  2.4282e+02, -2.0010e+02, -6.8239e+01,
        -4.6774e+02, -1.7639e+02,  4.2602e+00,  5.1443e+02, -9.8374e+01,
         8.1542e+02, -7.4981e+01,  4.2049e+01, -5.8489e+02, -1.5736e+02,
         4.7157e+01, -1.7554e+02, -7.6542e+01,  4.0322e+01, -1.4835e+02,
        -9.6031e+02, -5.1484e+00, -2.5232e+02, -3.4681e+02,  4.2272e+02,
         7.2420e+02, -2.8095e+02, -7.5195e+02, -1.6465e+02,  1.1119e+02,
         2.4838e+01, -4.0642e+02, -7.1194e+01,  6.0688e+01, -2.7734e+02,
        -2.5003e+02,  1.8636e+01,  2.3200e+02,  2.0571e+02, -1.7728e+02,
         4.1660e+02,  1.4795e+02,  3.8264e+02, -3.6901e+02,  3.2937e+02,
        -2.3192e+02, -2.8891e+02, -3.3237e+02, -7.8758e+04,  2.2343e+02,
        -3.0627e+02, -2.5039e+02,  2.0027e+02,  4.2194e+01,  3.0599e+02,
         6.4794e+02,  2.5421e+01,  1.7649e+02,  4.3179e+02,  3.1545e+02,
        -2.0260e+02, -3.4314e+02, -6.4027e+01, -1.1644e+02, -1.9534e+02,
         5.6393e+01], device='cuda:0', dtype=torch.float64) caused floating point error -inf
INFO:root:Result Summary: {'max_inf': 5, 'min_inf': 2, 'max_under': 0, 'min_under': 0, 'nan': 50}
INFO:root:Total execution time: 89.3351480960846
